{"/home/travis/build/npmtest/node-npmtest-gulp-sourcemaps/test.js":{"path":"/home/travis/build/npmtest/node-npmtest-gulp-sourcemaps/test.js","s":{"1":2,"2":2,"3":2,"4":2,"5":2,"6":2,"7":2,"8":1,"9":2,"10":2,"11":1,"12":1,"13":1,"14":1,"15":2,"16":2,"17":2,"18":2,"19":1,"20":1,"21":2,"22":2,"23":2,"24":1,"25":1,"26":1,"27":1,"28":1,"29":1,"30":1,"31":1,"32":1,"33":1,"34":1,"35":1,"36":1,"37":1,"38":1,"39":2,"40":2,"41":1,"42":2,"43":2,"44":1,"45":2,"46":2,"47":1,"48":2,"49":2,"50":1,"51":1,"52":1,"53":1,"54":1},"b":{"1":[2,1,1,1],"2":[1,1,1,1],"3":[1,1],"4":[1,1],"5":[1,1],"6":[1,1],"7":[1,1],"8":[1,1],"9":[1,1],"10":[1,1,1],"11":[1,1],"12":[1,1],"13":[1,1],"14":[1,1],"15":[1,1],"16":[1,1],"17":[1,1]},"f":{"1":2,"2":2,"3":2,"4":2,"5":2,"6":1,"7":1,"8":1,"9":2,"10":2,"11":2,"12":2,"13":1},"fnMap":{"1":{"name":"(anonymous_1)","line":12,"loc":{"start":{"line":12,"column":1},"end":{"line":12,"column":13}}},"2":{"name":"(anonymous_2)","line":19,"loc":{"start":{"line":19,"column":5},"end":{"line":19,"column":17}}},"3":{"name":"(anonymous_3)","line":23,"loc":{"start":{"line":23,"column":24},"end":{"line":23,"column":36}}},"4":{"name":"(anonymous_4)","line":61,"loc":{"start":{"line":61,"column":5},"end":{"line":61,"column":17}}},"5":{"name":"(anonymous_5)","line":82,"loc":{"start":{"line":82,"column":5},"end":{"line":82,"column":17}}},"6":{"name":"(anonymous_6)","line":91,"loc":{"start":{"line":91,"column":77},"end":{"line":94,"column":10}}},"7":{"name":"(anonymous_7)","line":112,"loc":{"start":{"line":112,"column":83},"end":{"line":115,"column":10}},"skip":true},"8":{"name":"(anonymous_8)","line":123,"loc":{"start":{"line":123,"column":77},"end":{"line":126,"column":10}},"skip":true},"9":{"name":"(anonymous_9)","line":139,"loc":{"start":{"line":139,"column":12},"end":{"line":139,"column":40}},"skip":true},"10":{"name":"(anonymous_10)","line":147,"loc":{"start":{"line":147,"column":77},"end":{"line":150,"column":10}},"skip":true},"11":{"name":"(anonymous_11)","line":158,"loc":{"start":{"line":158,"column":83},"end":{"line":161,"column":10}},"skip":true},"12":{"name":"(anonymous_12)","line":169,"loc":{"start":{"line":169,"column":79},"end":{"line":172,"column":10}},"skip":true},"13":{"name":"(anonymous_13)","line":180,"loc":{"start":{"line":180,"column":75},"end":{"line":183,"column":10}},"skip":true}},"statementMap":{"1":{"start":{"line":12,"column":0},"end":{"line":195,"column":5}},"2":{"start":{"line":14,"column":4},"end":{"line":14,"column":14}},"3":{"start":{"line":19,"column":4},"end":{"line":56,"column":9}},"4":{"start":{"line":21,"column":8},"end":{"line":21,"column":19}},"5":{"start":{"line":23,"column":8},"end":{"line":35,"column":13}},"6":{"start":{"line":24,"column":12},"end":{"line":34,"column":13}},"7":{"start":{"line":25,"column":16},"end":{"line":28,"column":30}},"8":{"start":{"line":30,"column":16},"end":{"line":33,"column":27}},"9":{"start":{"line":37,"column":8},"end":{"line":39,"column":21}},"10":{"start":{"line":40,"column":8},"end":{"line":53,"column":9}},"11":{"start":{"line":43,"column":12},"end":{"line":46,"column":14}},"12":{"start":{"line":47,"column":12},"end":{"line":47,"column":18}},"13":{"start":{"line":50,"column":12},"end":{"line":51,"column":33}},"14":{"start":{"line":52,"column":12},"end":{"line":52,"column":18}},"15":{"start":{"line":55,"column":8},"end":{"line":55,"column":35}},"16":{"start":{"line":61,"column":4},"end":{"line":63,"column":9}},"17":{"start":{"line":62,"column":8},"end":{"line":62,"column":15}},"18":{"start":{"line":64,"column":4},"end":{"line":77,"column":5}},"19":{"start":{"line":70,"column":8},"end":{"line":70,"column":14}},"20":{"start":{"line":76,"column":8},"end":{"line":76,"column":14}},"21":{"start":{"line":82,"column":4},"end":{"line":84,"column":9}},"22":{"start":{"line":83,"column":8},"end":{"line":83,"column":15}},"23":{"start":{"line":85,"column":4},"end":{"line":194,"column":5}},"24":{"start":{"line":91,"column":8},"end":{"line":99,"column":10}},"25":{"start":{"line":98,"column":12},"end":{"line":98,"column":35}},"26":{"start":{"line":102,"column":8},"end":{"line":104,"column":63}},"27":{"start":{"line":105,"column":8},"end":{"line":105,"column":14}},"28":{"start":{"line":112,"column":8},"end":{"line":121,"column":10},"skip":true},"29":{"start":{"line":119,"column":12},"end":{"line":119,"column":55},"skip":true},"30":{"start":{"line":120,"column":12},"end":{"line":120,"column":48},"skip":true},"31":{"start":{"line":123,"column":8},"end":{"line":136,"column":10},"skip":true},"32":{"start":{"line":130,"column":12},"end":{"line":130,"column":76},"skip":true},"33":{"start":{"line":131,"column":12},"end":{"line":131,"column":73},"skip":true},"34":{"start":{"line":132,"column":12},"end":{"line":132,"column":74},"skip":true},"35":{"start":{"line":133,"column":12},"end":{"line":133,"column":79},"skip":true},"36":{"start":{"line":134,"column":12},"end":{"line":134,"column":25},"skip":true},"37":{"start":{"line":135,"column":12},"end":{"line":135,"column":45},"skip":true},"38":{"start":{"line":138,"column":8},"end":{"line":145,"column":14},"skip":true},"39":{"start":{"line":143,"column":16},"end":{"line":143,"column":29},"skip":true},"40":{"start":{"line":144,"column":16},"end":{"line":144,"column":55},"skip":true},"41":{"start":{"line":147,"column":8},"end":{"line":156,"column":10},"skip":true},"42":{"start":{"line":154,"column":12},"end":{"line":154,"column":25},"skip":true},"43":{"start":{"line":155,"column":12},"end":{"line":155,"column":45},"skip":true},"44":{"start":{"line":158,"column":8},"end":{"line":167,"column":10},"skip":true},"45":{"start":{"line":165,"column":12},"end":{"line":165,"column":25},"skip":true},"46":{"start":{"line":166,"column":12},"end":{"line":166,"column":48},"skip":true},"47":{"start":{"line":169,"column":8},"end":{"line":178,"column":10},"skip":true},"48":{"start":{"line":176,"column":12},"end":{"line":176,"column":25},"skip":true},"49":{"start":{"line":177,"column":12},"end":{"line":177,"column":46},"skip":true},"50":{"start":{"line":180,"column":8},"end":{"line":189,"column":10},"skip":true},"51":{"start":{"line":187,"column":12},"end":{"line":187,"column":94},"skip":true},"52":{"start":{"line":188,"column":12},"end":{"line":188,"column":48},"skip":true},"53":{"start":{"line":192,"column":8},"end":{"line":192,"column":35},"skip":true},"54":{"start":{"line":193,"column":8},"end":{"line":193,"column":14},"skip":true}},"branchMap":{"1":{"line":25,"type":"binary-expr","locations":[{"start":{"line":25,"column":23},"end":{"line":25,"column":62}},{"start":{"line":26,"column":20},"end":{"line":26,"column":70}},{"start":{"line":27,"column":20},"end":{"line":27,"column":71}},{"start":{"line":28,"column":20},"end":{"line":28,"column":29}}]},"2":{"line":30,"type":"binary-expr","locations":[{"start":{"line":30,"column":23},"end":{"line":30,"column":37}},{"start":{"line":31,"column":20},"end":{"line":31,"column":61}},{"start":{"line":32,"column":20},"end":{"line":32,"column":70}},{"start":{"line":33,"column":20},"end":{"line":33,"column":26}}]},"3":{"line":37,"type":"cond-expr","locations":[{"start":{"line":38,"column":14},"end":{"line":38,"column":20}},{"start":{"line":39,"column":14},"end":{"line":39,"column":20}}]},"4":{"line":40,"type":"switch","locations":[{"start":{"line":42,"column":8},"end":{"line":47,"column":18}},{"start":{"line":49,"column":8},"end":{"line":52,"column":18}}]},"5":{"line":44,"type":"binary-expr","locations":[{"start":{"line":44,"column":16},"end":{"line":44,"column":44}},{"start":{"line":44,"column":48},"end":{"line":44,"column":66}}]},"6":{"line":50,"type":"binary-expr","locations":[{"start":{"line":50,"column":21},"end":{"line":50,"column":49}},{"start":{"line":50,"column":53},"end":{"line":50,"column":72}}]},"7":{"line":64,"type":"switch","locations":[{"start":{"line":69,"column":4},"end":{"line":70,"column":14}},{"start":{"line":75,"column":4},"end":{"line":76,"column":14}}]},"8":{"line":85,"type":"switch","locations":[{"start":{"line":90,"column":4},"end":{"line":105,"column":14}},{"start":{"line":111,"column":4},"end":{"line":193,"column":14},"skip":true}]},"9":{"line":91,"type":"binary-expr","locations":[{"start":{"line":91,"column":42},"end":{"line":91,"column":73}},{"start":{"line":91,"column":77},"end":{"line":99,"column":9}}]},"10":{"line":102,"type":"binary-expr","locations":[{"start":{"line":102,"column":18},"end":{"line":102,"column":32}},{"start":{"line":103,"column":12},"end":{"line":103,"column":53}},{"start":{"line":104,"column":12},"end":{"line":104,"column":61}}]},"11":{"line":112,"type":"binary-expr","locations":[{"start":{"line":112,"column":45},"end":{"line":112,"column":79},"skip":true},{"start":{"line":112,"column":83},"end":{"line":121,"column":9},"skip":true}]},"12":{"line":123,"type":"binary-expr","locations":[{"start":{"line":123,"column":42},"end":{"line":123,"column":73},"skip":true},{"start":{"line":123,"column":77},"end":{"line":136,"column":9},"skip":true}]},"13":{"line":138,"type":"binary-expr","locations":[{"start":{"line":138,"column":48},"end":{"line":138,"column":85},"skip":true},{"start":{"line":139,"column":12},"end":{"line":145,"column":13},"skip":true}]},"14":{"line":147,"type":"binary-expr","locations":[{"start":{"line":147,"column":42},"end":{"line":147,"column":73},"skip":true},{"start":{"line":147,"column":77},"end":{"line":156,"column":9},"skip":true}]},"15":{"line":158,"type":"binary-expr","locations":[{"start":{"line":158,"column":45},"end":{"line":158,"column":79},"skip":true},{"start":{"line":158,"column":83},"end":{"line":167,"column":9},"skip":true}]},"16":{"line":169,"type":"binary-expr","locations":[{"start":{"line":169,"column":43},"end":{"line":169,"column":75},"skip":true},{"start":{"line":169,"column":79},"end":{"line":178,"column":9},"skip":true}]},"17":{"line":180,"type":"binary-expr","locations":[{"start":{"line":180,"column":41},"end":{"line":180,"column":71},"skip":true},{"start":{"line":180,"column":75},"end":{"line":189,"column":9},"skip":true}]}},"code":["/* istanbul instrument in package npmtest_gulp_sourcemaps */","/*jslint","    bitwise: true,","    browser: true,","    maxerr: 8,","    maxlen: 96,","    node: true,","    nomen: true,","    regexp: true,","    stupid: true","*/","(function () {","    'use strict';","    var local;","","","","    // run shared js-env code - init-before","    (function () {","        // init local","        local = {};","        // init modeJs","        local.modeJs = (function () {","            try {","                return typeof navigator.userAgent === 'string' &&","                    typeof document.querySelector('body') === 'object' &&","                    typeof XMLHttpRequest.prototype.open === 'function' &&","                    'browser';","            } catch (errorCaughtBrowser) {","                return module.exports &&","                    typeof process.versions.node === 'string' &&","                    typeof require('http').createServer === 'function' &&","                    'node';","            }","        }());","        // init global","        local.global = local.modeJs === 'browser'","            ? window","            : global;","        switch (local.modeJs) {","        // re-init local from window.local","        case 'browser':","            local = local.global.utility2.objectSetDefault(","                local.global.utility2_rollup || local.global.local,","                local.global.utility2","            );","            break;","        // re-init local from example.js","        case 'node':","            local = (local.global.utility2_rollup || require('utility2'))","                .requireReadme();","            break;","        }","        // export local","        local.global.local = local;","    }());","","","","    // run shared js-env code - function","    (function () {","        return;","    }());","    switch (local.modeJs) {","","","","    // run browser js-env code - function","    case 'browser':","        break;","","","","    // run node js-env code - function","    case 'node':","        break;","    }","","","","    // run shared js-env code - init-after","    (function () {","        return;","    }());","    switch (local.modeJs) {","","","","    // run browser js-env code - init-after","    case 'browser':","        local.testCase_browser_nullCase = local.testCase_browser_nullCase || function (","            options,","            onError","        ) {","        /*","         * this function will test browsers's null-case handling-behavior-behavior","         */","            onError(null, options);","        };","","        // run tests","        local.nop(local.modeTest &&","            document.querySelector('#testRunButton1') &&","            document.querySelector('#testRunButton1').click());","        break;","","","","    // run node js-env code - init-after","    /* istanbul ignore next */","    case 'node':","        local.testCase_buildApidoc_default = local.testCase_buildApidoc_default || function (","            options,","            onError","        ) {","        /*","         * this function will test buildApidoc's default handling-behavior-behavior","         */","            options = { modulePathList: module.paths };","            local.buildApidoc(options, onError);","        };","","        local.testCase_buildApp_default = local.testCase_buildApp_default || function (","            options,","            onError","        ) {","        /*","         * this function will test buildApp's default handling-behavior-behavior","         */","            local.testCase_buildReadme_default(options, local.onErrorThrow);","            local.testCase_buildLib_default(options, local.onErrorThrow);","            local.testCase_buildTest_default(options, local.onErrorThrow);","            local.testCase_buildCustomOrg_default(options, local.onErrorThrow);","            options = [];","            local.buildApp(options, onError);","        };","","        local.testCase_buildCustomOrg_default = local.testCase_buildCustomOrg_default ||","            function (options, onError) {","            /*","             * this function will test buildCustomOrg's default handling-behavior","             */","                options = {};","                local.buildCustomOrg(options, onError);","            };","","        local.testCase_buildLib_default = local.testCase_buildLib_default || function (","            options,","            onError","        ) {","        /*","         * this function will test buildLib's default handling-behavior","         */","            options = {};","            local.buildLib(options, onError);","        };","","        local.testCase_buildReadme_default = local.testCase_buildReadme_default || function (","            options,","            onError","        ) {","        /*","         * this function will test buildReadme's default handling-behavior-behavior","         */","            options = {};","            local.buildReadme(options, onError);","        };","","        local.testCase_buildTest_default = local.testCase_buildTest_default || function (","            options,","            onError","        ) {","        /*","         * this function will test buildTest's default handling-behavior","         */","            options = {};","            local.buildTest(options, onError);","        };","","        local.testCase_webpage_default = local.testCase_webpage_default || function (","            options,","            onError","        ) {","        /*","         * this function will test webpage's default handling-behavior","         */","            options = { modeCoverageMerge: true, url: local.serverLocalHost + '?modeTest=1' };","            local.browserTest(options, onError);","        };","","        // run test-server","        local.testRunServer(local);","        break;","    }","}());",""],"l":{"12":2,"14":2,"19":2,"21":2,"23":2,"24":2,"25":2,"30":1,"37":2,"40":2,"43":1,"47":1,"50":1,"52":1,"55":2,"61":2,"62":2,"64":2,"70":1,"76":1,"82":2,"83":2,"85":2,"91":1,"98":1,"102":1,"105":1,"112":1,"119":1,"120":1,"123":1,"130":1,"131":1,"132":1,"133":1,"134":1,"135":1,"138":1,"143":2,"144":2,"147":1,"154":2,"155":2,"158":1,"165":2,"166":2,"169":1,"176":2,"177":2,"180":1,"187":1,"188":1,"192":1,"193":1}},"/home/travis/build/npmtest/node-npmtest-gulp-sourcemaps/lib.npmtest_gulp_sourcemaps.js":{"path":"/home/travis/build/npmtest/node-npmtest-gulp-sourcemaps/lib.npmtest_gulp_sourcemaps.js","s":{"1":2,"2":2,"3":2,"4":2,"5":2,"6":2,"7":2,"8":1,"9":2,"10":2,"11":2,"12":2,"13":1,"14":1,"15":1,"16":1},"b":{"1":[2,1,1,1],"2":[1,1,1,1],"3":[1,1],"4":[2,2],"5":[1,1]},"f":{"1":2,"2":2,"3":2},"fnMap":{"1":{"name":"(anonymous_1)","line":12,"loc":{"start":{"line":12,"column":1},"end":{"line":12,"column":13}}},"2":{"name":"(anonymous_2)","line":19,"loc":{"start":{"line":19,"column":5},"end":{"line":19,"column":17}}},"3":{"name":"(anonymous_3)","line":23,"loc":{"start":{"line":23,"column":24},"end":{"line":23,"column":36}}}},"statementMap":{"1":{"start":{"line":12,"column":0},"end":{"line":53,"column":5}},"2":{"start":{"line":14,"column":4},"end":{"line":14,"column":14}},"3":{"start":{"line":19,"column":4},"end":{"line":52,"column":9}},"4":{"start":{"line":21,"column":8},"end":{"line":21,"column":19}},"5":{"start":{"line":23,"column":8},"end":{"line":35,"column":13}},"6":{"start":{"line":24,"column":12},"end":{"line":34,"column":13}},"7":{"start":{"line":25,"column":16},"end":{"line":28,"column":30}},"8":{"start":{"line":30,"column":16},"end":{"line":33,"column":27}},"9":{"start":{"line":37,"column":8},"end":{"line":39,"column":21}},"10":{"start":{"line":41,"column":8},"end":{"line":41,"column":54}},"11":{"start":{"line":43,"column":8},"end":{"line":43,"column":60}},"12":{"start":{"line":45,"column":8},"end":{"line":51,"column":9}},"13":{"start":{"line":46,"column":12},"end":{"line":46,"column":66}},"14":{"start":{"line":48,"column":12},"end":{"line":48,"column":35}},"15":{"start":{"line":49,"column":12},"end":{"line":49,"column":49}},"16":{"start":{"line":50,"column":12},"end":{"line":50,"column":43}}},"branchMap":{"1":{"line":25,"type":"binary-expr","locations":[{"start":{"line":25,"column":23},"end":{"line":25,"column":62}},{"start":{"line":26,"column":20},"end":{"line":26,"column":70}},{"start":{"line":27,"column":20},"end":{"line":27,"column":71}},{"start":{"line":28,"column":20},"end":{"line":28,"column":29}}]},"2":{"line":30,"type":"binary-expr","locations":[{"start":{"line":30,"column":23},"end":{"line":30,"column":37}},{"start":{"line":31,"column":20},"end":{"line":31,"column":61}},{"start":{"line":32,"column":20},"end":{"line":32,"column":70}},{"start":{"line":33,"column":20},"end":{"line":33,"column":26}}]},"3":{"line":37,"type":"cond-expr","locations":[{"start":{"line":38,"column":14},"end":{"line":38,"column":20}},{"start":{"line":39,"column":14},"end":{"line":39,"column":20}}]},"4":{"line":41,"type":"binary-expr","locations":[{"start":{"line":41,"column":16},"end":{"line":41,"column":44}},{"start":{"line":41,"column":48},"end":{"line":41,"column":53}}]},"5":{"line":45,"type":"if","locations":[{"start":{"line":45,"column":8},"end":{"line":45,"column":8}},{"start":{"line":45,"column":8},"end":{"line":45,"column":8}}]}},"code":["/* istanbul instrument in package npmtest_gulp_sourcemaps */","/*jslint","    bitwise: true,","    browser: true,","    maxerr: 8,","    maxlen: 96,","    node: true,","    nomen: true,","    regexp: true,","    stupid: true","*/","(function () {","    'use strict';","    var local;","","","","    // run shared js-env code - init-before","    (function () {","        // init local","        local = {};","        // init modeJs","        local.modeJs = (function () {","            try {","                return typeof navigator.userAgent === 'string' &&","                    typeof document.querySelector('body') === 'object' &&","                    typeof XMLHttpRequest.prototype.open === 'function' &&","                    'browser';","            } catch (errorCaughtBrowser) {","                return module.exports &&","                    typeof process.versions.node === 'string' &&","                    typeof require('http').createServer === 'function' &&","                    'node';","            }","        }());","        // init global","        local.global = local.modeJs === 'browser'","            ? window","            : global;","        // init utility2_rollup","        local = local.global.utility2_rollup || local;","        // init lib","        local.local = local.npmtest_gulp_sourcemaps = local;","        // init exports","        if (local.modeJs === 'browser') {","            local.global.utility2_npmtest_gulp_sourcemaps = local;","        } else {","            module.exports = local;","            module.exports.__dirname = __dirname;","            module.exports.module = module;","        }","    }());","}());",""],"l":{"12":2,"14":2,"19":2,"21":2,"23":2,"24":2,"25":2,"30":1,"37":2,"41":2,"43":2,"45":2,"46":1,"48":1,"49":1,"50":1}},"/home/travis/build/npmtest/node-npmtest-gulp-sourcemaps/example.js":{"path":"/home/travis/build/npmtest/node-npmtest-gulp-sourcemaps/example.js","s":{"1":2,"2":2,"3":2,"4":2,"5":2,"6":2,"7":2,"8":1,"9":2,"10":2,"11":2,"12":2,"13":1,"14":2,"15":2,"16":2,"17":2,"18":2,"19":0,"20":2,"21":1,"22":1,"23":1,"24":1,"25":1,"26":0,"27":0,"28":1,"29":1,"30":2,"31":0,"32":0,"33":0,"34":1,"35":2,"36":2,"37":3,"38":3,"39":3,"40":3,"41":0,"42":3,"43":3,"44":3,"45":1,"46":3,"47":1,"48":1,"49":1,"50":1,"51":1,"52":1,"53":1,"54":1,"55":1,"56":1,"57":0,"58":1,"59":6,"60":6,"61":1,"62":2,"63":0,"64":2,"65":1,"66":1,"67":0,"68":0,"69":0,"70":0,"71":0,"72":0,"73":0,"74":0,"75":0,"76":0,"77":0,"78":0,"79":0,"80":0,"81":0,"82":0,"83":0},"b":{"1":[2,1,1,1],"2":[1,1,1,1],"3":[1,1],"4":[2,2],"5":[1,1],"6":[1,1],"7":[2,0],"8":[2,1,1,1,1,1],"9":[0,2,0],"10":[1,1],"11":[2,1,1],"12":[1,0],"13":[0,2],"14":[2,0,0,0,0,0,0],"15":[0,3],"16":[3,0],"17":[1,1],"18":[0,1],"19":[1,2,0,2],"20":[1,0],"21":[1,1],"22":[0,0],"23":[0,0],"24":[0,0],"25":[0,0],"26":[0,0],"27":[0,0],"28":[0,0]},"f":{"1":2,"2":2,"3":2,"4":2,"5":2,"6":2,"7":3,"8":3,"9":3,"10":1,"11":6,"12":0},"fnMap":{"1":{"name":"(anonymous_1)","line":26,"loc":{"start":{"line":26,"column":1},"end":{"line":26,"column":13}}},"2":{"name":"(anonymous_2)","line":33,"loc":{"start":{"line":33,"column":5},"end":{"line":33,"column":17}}},"3":{"name":"(anonymous_3)","line":37,"loc":{"start":{"line":37,"column":24},"end":{"line":37,"column":36}}},"4":{"name":"(anonymous_4)","line":69,"loc":{"start":{"line":69,"column":31},"end":{"line":69,"column":48}},"skip":true},"5":{"name":"(anonymous_5)","line":78,"loc":{"start":{"line":78,"column":26},"end":{"line":78,"column":45}},"skip":true},"6":{"name":"(anonymous_6)","line":123,"loc":{"start":{"line":123,"column":33},"end":{"line":123,"column":48}},"skip":true},"7":{"name":"(anonymous_7)","line":125,"loc":{"start":{"line":125,"column":27},"end":{"line":125,"column":39}},"skip":true},"8":{"name":"(anonymous_8)","line":133,"loc":{"start":{"line":133,"column":59},"end":{"line":133,"column":74}},"skip":true},"9":{"name":"(anonymous_9)","line":143,"loc":{"start":{"line":143,"column":45},"end":{"line":143,"column":62}},"skip":true},"10":{"name":"(anonymous_10)","line":144,"loc":{"start":{"line":144,"column":73},"end":{"line":144,"column":92}},"skip":true},"11":{"name":"(anonymous_11)","line":272,"loc":{"start":{"line":272,"column":51},"end":{"line":272,"column":77}},"skip":true},"12":{"name":"(anonymous_12)","line":315,"loc":{"start":{"line":315,"column":32},"end":{"line":315,"column":61}},"skip":true}},"statementMap":{"1":{"start":{"line":26,"column":0},"end":{"line":326,"column":5}},"2":{"start":{"line":28,"column":4},"end":{"line":28,"column":14}},"3":{"start":{"line":33,"column":4},"end":{"line":60,"column":9}},"4":{"start":{"line":35,"column":8},"end":{"line":35,"column":19}},"5":{"start":{"line":37,"column":8},"end":{"line":49,"column":13}},"6":{"start":{"line":38,"column":12},"end":{"line":48,"column":13}},"7":{"start":{"line":39,"column":16},"end":{"line":42,"column":30}},"8":{"start":{"line":44,"column":16},"end":{"line":47,"column":27}},"9":{"start":{"line":51,"column":8},"end":{"line":53,"column":21}},"10":{"start":{"line":55,"column":8},"end":{"line":57,"column":45}},"11":{"start":{"line":59,"column":8},"end":{"line":59,"column":35}},"12":{"start":{"line":61,"column":4},"end":{"line":325,"column":5}},"13":{"start":{"line":69,"column":8},"end":{"line":121,"column":10},"skip":true},"14":{"start":{"line":70,"column":12},"end":{"line":88,"column":13},"skip":true},"15":{"start":{"line":76,"column":16},"end":{"line":87,"column":19},"skip":true},"16":{"start":{"line":79,"column":20},"end":{"line":86,"column":21},"skip":true},"17":{"start":{"line":82,"column":24},"end":{"line":82,"column":43},"skip":true},"18":{"start":{"line":83,"column":24},"end":{"line":83,"column":30},"skip":true},"19":{"start":{"line":85,"column":24},"end":{"line":85,"column":49},"skip":true},"20":{"start":{"line":89,"column":12},"end":{"line":107,"column":13},"skip":true},"21":{"start":{"line":92,"column":16},"end":{"line":102,"column":17},"skip":true},"22":{"start":{"line":93,"column":20},"end":{"line":93,"column":86},"skip":true},"23":{"start":{"line":94,"column":20},"end":{"line":95,"column":45},"skip":true},"24":{"start":{"line":96,"column":20},"end":{"line":96,"column":42},"skip":true},"25":{"start":{"line":97,"column":20},"end":{"line":97,"column":48},"skip":true},"26":{"start":{"line":100,"column":20},"end":{"line":100,"column":85},"skip":true},"27":{"start":{"line":101,"column":20},"end":{"line":101,"column":96},"skip":true},"28":{"start":{"line":103,"column":16},"end":{"line":103,"column":22},"skip":true},"29":{"start":{"line":106,"column":16},"end":{"line":106,"column":22},"skip":true},"30":{"start":{"line":108,"column":12},"end":{"line":120,"column":13},"skip":true},"31":{"start":{"line":114,"column":16},"end":{"line":119,"column":17},"skip":true},"32":{"start":{"line":116,"column":20},"end":{"line":116,"column":78},"skip":true},"33":{"start":{"line":118,"column":20},"end":{"line":118,"column":47},"skip":true},"34":{"start":{"line":123,"column":8},"end":{"line":141,"column":11},"skip":true},"35":{"start":{"line":124,"column":12},"end":{"line":124,"column":54},"skip":true},"36":{"start":{"line":125,"column":12},"end":{"line":140,"column":14},"skip":true},"37":{"start":{"line":126,"column":16},"end":{"line":126,"column":28},"skip":true},"38":{"start":{"line":127,"column":16},"end":{"line":127,"column":69},"skip":true},"39":{"start":{"line":128,"column":16},"end":{"line":128,"column":75},"skip":true},"40":{"start":{"line":129,"column":16},"end":{"line":131,"column":17},"skip":true},"41":{"start":{"line":130,"column":20},"end":{"line":130,"column":27},"skip":true},"42":{"start":{"line":133,"column":16},"end":{"line":137,"column":36},"skip":true},"43":{"start":{"line":134,"column":20},"end":{"line":136,"column":55},"skip":true},"44":{"start":{"line":139,"column":16},"end":{"line":139,"column":57},"skip":true},"45":{"start":{"line":143,"column":8},"end":{"line":147,"column":11},"skip":true},"46":{"start":{"line":144,"column":12},"end":{"line":146,"column":15},"skip":true},"47":{"start":{"line":145,"column":16},"end":{"line":145,"column":70},"skip":true},"48":{"start":{"line":149,"column":8},"end":{"line":149,"column":31},"skip":true},"49":{"start":{"line":150,"column":8},"end":{"line":150,"column":14},"skip":true},"50":{"start":{"line":158,"column":8},"end":{"line":158,"column":31},"skip":true},"51":{"start":{"line":160,"column":8},"end":{"line":160,"column":33},"skip":true},"52":{"start":{"line":161,"column":8},"end":{"line":161,"column":37},"skip":true},"53":{"start":{"line":162,"column":8},"end":{"line":162,"column":35},"skip":true},"54":{"start":{"line":164,"column":8},"end":{"line":164,"column":50},"skip":true},"55":{"start":{"line":166,"column":8},"end":{"line":256,"column":2},"skip":true},"56":{"start":{"line":258,"column":8},"end":{"line":286,"column":9},"skip":true},"57":{"start":{"line":259,"column":12},"end":{"line":269,"column":14},"skip":true},"58":{"start":{"line":271,"column":12},"end":{"line":285,"column":19},"skip":true},"59":{"start":{"line":274,"column":20},"end":{"line":274,"column":35},"skip":true},"60":{"start":{"line":275,"column":20},"end":{"line":284,"column":21},"skip":true},"61":{"start":{"line":277,"column":24},"end":{"line":277,"column":64},"skip":true},"62":{"start":{"line":279,"column":24},"end":{"line":279,"column":40},"skip":true},"63":{"start":{"line":281,"column":24},"end":{"line":281,"column":40},"skip":true},"64":{"start":{"line":283,"column":24},"end":{"line":283,"column":39},"skip":true},"65":{"start":{"line":288,"column":8},"end":{"line":290,"column":9},"skip":true},"66":{"start":{"line":289,"column":12},"end":{"line":289,"column":18},"skip":true},"67":{"start":{"line":291,"column":8},"end":{"line":293,"column":54},"skip":true},"68":{"start":{"line":296,"column":8},"end":{"line":301,"column":37},"skip":true},"69":{"start":{"line":303,"column":8},"end":{"line":303,"column":82},"skip":true},"70":{"start":{"line":306,"column":8},"end":{"line":308,"column":9},"skip":true},"71":{"start":{"line":307,"column":12},"end":{"line":307,"column":82},"skip":true},"72":{"start":{"line":310,"column":8},"end":{"line":312,"column":9},"skip":true},"73":{"start":{"line":311,"column":12},"end":{"line":311,"column":18},"skip":true},"74":{"start":{"line":313,"column":8},"end":{"line":313,"column":54},"skip":true},"75":{"start":{"line":314,"column":8},"end":{"line":314,"column":69},"skip":true},"76":{"start":{"line":315,"column":8},"end":{"line":323,"column":36},"skip":true},"77":{"start":{"line":316,"column":12},"end":{"line":316,"column":61},"skip":true},"78":{"start":{"line":317,"column":12},"end":{"line":320,"column":13},"skip":true},"79":{"start":{"line":318,"column":16},"end":{"line":318,"column":75},"skip":true},"80":{"start":{"line":319,"column":16},"end":{"line":319,"column":23},"skip":true},"81":{"start":{"line":321,"column":12},"end":{"line":321,"column":38},"skip":true},"82":{"start":{"line":322,"column":12},"end":{"line":322,"column":27},"skip":true},"83":{"start":{"line":324,"column":8},"end":{"line":324,"column":14},"skip":true}},"branchMap":{"1":{"line":39,"type":"binary-expr","locations":[{"start":{"line":39,"column":23},"end":{"line":39,"column":62}},{"start":{"line":40,"column":20},"end":{"line":40,"column":70}},{"start":{"line":41,"column":20},"end":{"line":41,"column":71}},{"start":{"line":42,"column":20},"end":{"line":42,"column":29}}]},"2":{"line":44,"type":"binary-expr","locations":[{"start":{"line":44,"column":23},"end":{"line":44,"column":37}},{"start":{"line":45,"column":20},"end":{"line":45,"column":61}},{"start":{"line":46,"column":20},"end":{"line":46,"column":70}},{"start":{"line":47,"column":20},"end":{"line":47,"column":26}}]},"3":{"line":51,"type":"cond-expr","locations":[{"start":{"line":52,"column":14},"end":{"line":52,"column":20}},{"start":{"line":53,"column":14},"end":{"line":53,"column":20}}]},"4":{"line":55,"type":"binary-expr","locations":[{"start":{"line":55,"column":16},"end":{"line":55,"column":44}},{"start":{"line":55,"column":49},"end":{"line":57,"column":43}}]},"5":{"line":55,"type":"cond-expr","locations":[{"start":{"line":56,"column":14},"end":{"line":56,"column":59}},{"start":{"line":57,"column":14},"end":{"line":57,"column":43}}]},"6":{"line":61,"type":"switch","locations":[{"start":{"line":68,"column":4},"end":{"line":150,"column":14},"skip":true},{"start":{"line":156,"column":4},"end":{"line":324,"column":14},"skip":true}]},"7":{"line":70,"type":"if","locations":[{"start":{"line":70,"column":12},"end":{"line":70,"column":12},"skip":true},{"start":{"line":70,"column":12},"end":{"line":70,"column":12},"skip":true}]},"8":{"line":70,"type":"binary-expr","locations":[{"start":{"line":70,"column":16},"end":{"line":70,"column":22},"skip":true},{"start":{"line":70,"column":27},"end":{"line":70,"column":32},"skip":true},{"start":{"line":71,"column":20},"end":{"line":71,"column":39},"skip":true},{"start":{"line":72,"column":20},"end":{"line":72,"column":49},"skip":true},{"start":{"line":73,"column":20},"end":{"line":73,"column":58},"skip":true},{"start":{"line":74,"column":20},"end":{"line":74,"column":69},"skip":true}]},"9":{"line":79,"type":"switch","locations":[{"start":{"line":80,"column":20},"end":{"line":80,"column":33},"skip":true},{"start":{"line":81,"column":20},"end":{"line":83,"column":30},"skip":true},{"start":{"line":84,"column":20},"end":{"line":85,"column":49},"skip":true}]},"10":{"line":89,"type":"switch","locations":[{"start":{"line":90,"column":12},"end":{"line":103,"column":22},"skip":true},{"start":{"line":105,"column":12},"end":{"line":106,"column":22},"skip":true}]},"11":{"line":89,"type":"binary-expr","locations":[{"start":{"line":89,"column":20},"end":{"line":89,"column":25},"skip":true},{"start":{"line":89,"column":29},"end":{"line":89,"column":48},"skip":true},{"start":{"line":89,"column":52},"end":{"line":89,"column":74},"skip":true}]},"12":{"line":92,"type":"if","locations":[{"start":{"line":92,"column":16},"end":{"line":92,"column":16},"skip":true},{"start":{"line":92,"column":16},"end":{"line":92,"column":16},"skip":true}]},"13":{"line":108,"type":"if","locations":[{"start":{"line":108,"column":12},"end":{"line":108,"column":12},"skip":true},{"start":{"line":108,"column":12},"end":{"line":108,"column":12},"skip":true}]},"14":{"line":108,"type":"binary-expr","locations":[{"start":{"line":108,"column":16},"end":{"line":108,"column":61},"skip":true},{"start":{"line":108,"column":66},"end":{"line":108,"column":72},"skip":true},{"start":{"line":108,"column":77},"end":{"line":108,"column":82},"skip":true},{"start":{"line":109,"column":20},"end":{"line":109,"column":39},"skip":true},{"start":{"line":110,"column":20},"end":{"line":110,"column":49},"skip":true},{"start":{"line":111,"column":20},"end":{"line":111,"column":58},"skip":true},{"start":{"line":112,"column":20},"end":{"line":112,"column":68},"skip":true}]},"15":{"line":129,"type":"if","locations":[{"start":{"line":129,"column":16},"end":{"line":129,"column":16},"skip":true},{"start":{"line":129,"column":16},"end":{"line":129,"column":16},"skip":true}]},"16":{"line":134,"type":"cond-expr","locations":[{"start":{"line":135,"column":26},"end":{"line":135,"column":29},"skip":true},{"start":{"line":136,"column":26},"end":{"line":136,"column":54},"skip":true}]},"17":{"line":164,"type":"binary-expr","locations":[{"start":{"line":164,"column":27},"end":{"line":164,"column":43},"skip":true},{"start":{"line":164,"column":47},"end":{"line":164,"column":49},"skip":true}]},"18":{"line":258,"type":"if","locations":[{"start":{"line":258,"column":8},"end":{"line":258,"column":8},"skip":true},{"start":{"line":258,"column":8},"end":{"line":258,"column":8},"skip":true}]},"19":{"line":275,"type":"switch","locations":[{"start":{"line":276,"column":20},"end":{"line":277,"column":64},"skip":true},{"start":{"line":278,"column":20},"end":{"line":279,"column":40},"skip":true},{"start":{"line":280,"column":20},"end":{"line":281,"column":40},"skip":true},{"start":{"line":282,"column":20},"end":{"line":283,"column":39},"skip":true}]},"20":{"line":288,"type":"if","locations":[{"start":{"line":288,"column":8},"end":{"line":288,"column":8},"skip":true},{"start":{"line":288,"column":8},"end":{"line":288,"column":8},"skip":true}]},"21":{"line":288,"type":"binary-expr","locations":[{"start":{"line":288,"column":12},"end":{"line":288,"column":40},"skip":true},{"start":{"line":288,"column":44},"end":{"line":288,"column":67},"skip":true}]},"22":{"line":292,"type":"binary-expr","locations":[{"start":{"line":292,"column":12},"end":{"line":292,"column":50},"skip":true},{"start":{"line":293,"column":12},"end":{"line":293,"column":53},"skip":true}]},"23":{"line":297,"type":"binary-expr","locations":[{"start":{"line":297,"column":12},"end":{"line":297,"column":73},"skip":true},{"start":{"line":298,"column":12},"end":{"line":301,"column":36},"skip":true}]},"24":{"line":303,"type":"binary-expr","locations":[{"start":{"line":303,"column":43},"end":{"line":303,"column":75},"skip":true},{"start":{"line":303,"column":79},"end":{"line":303,"column":81},"skip":true}]},"25":{"line":306,"type":"if","locations":[{"start":{"line":306,"column":8},"end":{"line":306,"column":8},"skip":true},{"start":{"line":306,"column":8},"end":{"line":306,"column":8},"skip":true}]},"26":{"line":310,"type":"if","locations":[{"start":{"line":310,"column":8},"end":{"line":310,"column":8},"skip":true},{"start":{"line":310,"column":8},"end":{"line":310,"column":8},"skip":true}]},"27":{"line":313,"type":"binary-expr","locations":[{"start":{"line":313,"column":27},"end":{"line":313,"column":43},"skip":true},{"start":{"line":313,"column":47},"end":{"line":313,"column":53},"skip":true}]},"28":{"line":317,"type":"if","locations":[{"start":{"line":317,"column":12},"end":{"line":317,"column":12},"skip":true},{"start":{"line":317,"column":12},"end":{"line":317,"column":12},"skip":true}]}},"code":["/*","example.js","","quickstart example","","instruction","    1. save this script as example.js","    2. run the shell command:","        $ npm install npmtest-gulp-sourcemaps && PORT=8081 node example.js","    3. play with the browser-demo on http://127.0.0.1:8081","*/","","","","/* istanbul instrument in package npmtest_gulp_sourcemaps */","/*jslint","    bitwise: true,","    browser: true,","    maxerr: 8,","    maxlen: 96,","    node: true,","    nomen: true,","    regexp: true,","    stupid: true","*/","(function () {","    'use strict';","    var local;","","","","    // run shared js-env code - init-before","    (function () {","        // init local","        local = {};","        // init modeJs","        local.modeJs = (function () {","            try {","                return typeof navigator.userAgent === 'string' &&","                    typeof document.querySelector('body') === 'object' &&","                    typeof XMLHttpRequest.prototype.open === 'function' &&","                    'browser';","            } catch (errorCaughtBrowser) {","                return module.exports &&","                    typeof process.versions.node === 'string' &&","                    typeof require('http').createServer === 'function' &&","                    'node';","            }","        }());","        // init global","        local.global = local.modeJs === 'browser'","            ? window","            : global;","        // init utility2_rollup","        local = local.global.utility2_rollup || (local.modeJs === 'browser'","            ? local.global.utility2_npmtest_gulp_sourcemaps","            : global.utility2_moduleExports);","        // export local","        local.global.local = local;","    }());","    switch (local.modeJs) {","","","","    // init-after","    // run browser js-env code - init-after","    /* istanbul ignore next */","    case 'browser':","        local.testRunBrowser = function (event) {","            if (!event || (event &&","                    event.currentTarget &&","                    event.currentTarget.className &&","                    event.currentTarget.className.includes &&","                    event.currentTarget.className.includes('onreset'))) {","                // reset output","                Array.from(","                    document.querySelectorAll('body > .resettable')","                ).forEach(function (element) {","                    switch (element.tagName) {","                    case 'INPUT':","                    case 'TEXTAREA':","                        element.value = '';","                        break;","                    default:","                        element.textContent = '';","                    }","                });","            }","            switch (event && event.currentTarget && event.currentTarget.id) {","            case 'testRunButton1':","                // show tests","                if (document.querySelector('#testReportDiv1').style.display === 'none') {","                    document.querySelector('#testReportDiv1').style.display = 'block';","                    document.querySelector('#testRunButton1').textContent =","                        'hide internal test';","                    local.modeTest = true;","                    local.testRunDefault(local);","                // hide tests","                } else {","                    document.querySelector('#testReportDiv1').style.display = 'none';","                    document.querySelector('#testRunButton1').textContent = 'run internal test';","                }","                break;","            // custom-case","            default:","                break;","            }","            if (document.querySelector('#inputTextareaEval1') && (!event || (event &&","                    event.currentTarget &&","                    event.currentTarget.className &&","                    event.currentTarget.className.includes &&","                    event.currentTarget.className.includes('oneval')))) {","                // try to eval input-code","                try {","                    /*jslint evil: true*/","                    eval(document.querySelector('#inputTextareaEval1').value);","                } catch (errorCaught) {","                    console.error(errorCaught);","                }","            }","        };","        // log stderr and stdout to #outputTextareaStdout1","        ['error', 'log'].forEach(function (key) {","            console[key + '_original'] = console[key];","            console[key] = function () {","                var element;","                console[key + '_original'].apply(console, arguments);","                element = document.querySelector('#outputTextareaStdout1');","                if (!element) {","                    return;","                }","                // append text to #outputTextareaStdout1","                element.value += Array.from(arguments).map(function (arg) {","                    return typeof arg === 'string'","                        ? arg","                        : JSON.stringify(arg, null, 4);","                }).join(' ') + '\\n';","                // scroll textarea to bottom","                element.scrollTop = element.scrollHeight;","            };","        });","        // init event-handling","        ['change', 'click', 'keyup'].forEach(function (event) {","            Array.from(document.querySelectorAll('.on' + event)).forEach(function (element) {","                element.addEventListener(event, local.testRunBrowser);","            });","        });","        // run tests","        local.testRunBrowser();","        break;","","","","    // run node js-env code - init-after","    /* istanbul ignore next */","    case 'node':","        // export local","        module.exports = local;","        // require modules","        local.fs = require('fs');","        local.http = require('http');","        local.url = require('url');","        // init assets","        local.assetsDict = local.assetsDict || {};","        /* jslint-ignore-begin */","        local.assetsDict['/assets.index.template.html'] = '\\","<!doctype html>\\n\\","<html lang=\"en\">\\n\\","<head>\\n\\","<meta charset=\"UTF-8\">\\n\\","<meta name=\"viewport\" content=\"width=device-width, initial-scale=1\">\\n\\","<title>{{env.npm_package_name}} (v{{env.npm_package_version}})</title>\\n\\","<style>\\n\\","/*csslint\\n\\","    box-sizing: false,\\n\\","    universal-selector: false\\n\\","*/\\n\\","* {\\n\\","    box-sizing: border-box;\\n\\","}\\n\\","body {\\n\\","    background: #dde;\\n\\","    font-family: Arial, Helvetica, sans-serif;\\n\\","    margin: 2rem;\\n\\","}\\n\\","body > * {\\n\\","    margin-bottom: 1rem;\\n\\","}\\n\\",".utility2FooterDiv {\\n\\","    margin-top: 20px;\\n\\","    text-align: center;\\n\\","}\\n\\","</style>\\n\\","<style>\\n\\","/*csslint\\n\\","*/\\n\\","textarea {\\n\\","    font-family: monospace;\\n\\","    height: 10rem;\\n\\","    width: 100%;\\n\\","}\\n\\","textarea[readonly] {\\n\\","    background: #ddd;\\n\\","}\\n\\","</style>\\n\\","</head>\\n\\","<body>\\n\\","<!-- utility2-comment\\n\\","<div id=\"ajaxProgressDiv1\" style=\"background: #d00; height: 2px; left: 0; margin: 0; padding: 0; position: fixed; top: 0; transition: background 0.5s, width 1.5s; width: 25%;\"></div>\\n\\","utility2-comment -->\\n\\","<h1>\\n\\","<!-- utility2-comment\\n\\","    <a\\n\\","        {{#if env.npm_package_homepage}}\\n\\","        href=\"{{env.npm_package_homepage}}\"\\n\\","        {{/if env.npm_package_homepage}}\\n\\","        target=\"_blank\"\\n\\","    >\\n\\","utility2-comment -->\\n\\","        {{env.npm_package_name}} (v{{env.npm_package_version}})\\n\\","<!-- utility2-comment\\n\\","    </a>\\n\\","utility2-comment -->\\n\\","</h1>\\n\\","<h3>{{env.npm_package_description}}</h3>\\n\\","<!-- utility2-comment\\n\\","<h4><a download href=\"assets.app.js\">download standalone app</a></h4>\\n\\","<button class=\"onclick onreset\" id=\"testRunButton1\">run internal test</button><br>\\n\\","<div id=\"testReportDiv1\" style=\"display: none;\"></div>\\n\\","utility2-comment -->\\n\\","\\n\\","\\n\\","\\n\\","<label>stderr and stdout</label>\\n\\","<textarea class=\"resettable\" id=\"outputTextareaStdout1\" readonly></textarea>\\n\\","<!-- utility2-comment\\n\\","{{#if isRollup}}\\n\\","<script src=\"assets.app.js\"></script>\\n\\","{{#unless isRollup}}\\n\\","utility2-comment -->\\n\\","<script src=\"assets.utility2.rollup.js\"></script>\\n\\","<script src=\"jsonp.utility2._stateInit?callback=window.utility2._stateInit\"></script>\\n\\","<script src=\"assets.npmtest_gulp_sourcemaps.rollup.js\"></script>\\n\\","<script src=\"assets.example.js\"></script>\\n\\","<script src=\"assets.test.js\"></script>\\n\\","<!-- utility2-comment\\n\\","{{/if isRollup}}\\n\\","utility2-comment -->\\n\\","<div class=\"utility2FooterDiv\">\\n\\","    [ this app was created with\\n\\","    <a href=\"https://github.com/kaizhu256/node-utility2\" target=\"_blank\">utility2</a>\\n\\","    ]\\n\\","</div>\\n\\","</body>\\n\\","</html>\\n\\","';","        /* jslint-ignore-end */","        if (local.templateRender) {","            local.assetsDict['/'] = local.templateRender(","                local.assetsDict['/assets.index.template.html'],","                {","                    env: local.objectSetDefault(local.env, {","                        npm_package_description: 'the greatest app in the world!',","                        npm_package_name: 'my-app',","                        npm_package_nameAlias: 'my_app',","                        npm_package_version: '0.0.1'","                    })","                }","            );","        } else {","            local.assetsDict['/'] = local.assetsDict['/assets.index.template.html']","                .replace((/\\{\\{env\\.(\\w+?)\\}\\}/g), function (match0, match1) {","                    // jslint-hack","                    String(match0);","                    switch (match1) {","                    case 'npm_package_description':","                        return 'the greatest app in the world!';","                    case 'npm_package_name':","                        return 'my-app';","                    case 'npm_package_nameAlias':","                        return 'my_app';","                    case 'npm_package_version':","                        return '0.0.1';","                    }","                });","        }","        // run the cli","        if (local.global.utility2_rollup || module !== require.main) {","            break;","        }","        local.assetsDict['/assets.example.js'] =","            local.assetsDict['/assets.example.js'] ||","            local.fs.readFileSync(__filename, 'utf8');","        // bug-workaround - long $npm_package_buildCustomOrg","        /* jslint-ignore-begin */","        local.assetsDict['/assets.npmtest_gulp_sourcemaps.rollup.js'] =","            local.assetsDict['/assets.npmtest_gulp_sourcemaps.rollup.js'] ||","            local.fs.readFileSync(","                local.npmtest_gulp_sourcemaps.__dirname + '/lib.npmtest_gulp_sourcemaps.js',","                'utf8'","            ).replace((/^#!/), '//');","        /* jslint-ignore-end */","        local.assetsDict['/favicon.ico'] = local.assetsDict['/favicon.ico'] || '';","        // if $npm_config_timeout_exit exists,","        // then exit this process after $npm_config_timeout_exit ms","        if (Number(process.env.npm_config_timeout_exit)) {","            setTimeout(process.exit, Number(process.env.npm_config_timeout_exit));","        }","        // start server","        if (local.global.utility2_serverHttp1) {","            break;","        }","        process.env.PORT = process.env.PORT || '8081';","        console.error('server starting on port ' + process.env.PORT);","        local.http.createServer(function (request, response) {","            request.urlParsed = local.url.parse(request.url);","            if (local.assetsDict[request.urlParsed.pathname] !== undefined) {","                response.end(local.assetsDict[request.urlParsed.pathname]);","                return;","            }","            response.statusCode = 404;","            response.end();","        }).listen(process.env.PORT);","        break;","    }","}());",""],"l":{"26":2,"28":2,"33":2,"35":2,"37":2,"38":2,"39":2,"44":1,"51":2,"55":2,"59":2,"61":2,"69":1,"70":2,"76":2,"79":2,"82":2,"83":2,"85":1,"89":2,"92":1,"93":1,"94":1,"96":1,"97":1,"100":1,"101":1,"103":1,"106":1,"108":2,"114":1,"116":1,"118":1,"123":1,"124":2,"125":2,"126":3,"127":3,"128":3,"129":3,"130":1,"133":3,"134":3,"139":3,"143":1,"144":3,"145":1,"149":1,"150":1,"158":1,"160":1,"161":1,"162":1,"164":1,"166":1,"258":1,"259":1,"271":1,"274":6,"275":6,"277":1,"279":2,"281":1,"283":2,"288":1,"289":1,"291":1,"296":1,"303":1,"306":1,"307":1,"310":1,"311":1,"313":1,"314":1,"315":1,"316":1,"317":1,"318":1,"319":1,"321":1,"322":1,"324":1}},"/home/travis/build/npmtest/node-npmtest-gulp-sourcemaps/node_modules/gulp-sourcemaps/index.js":{"path":"/home/travis/build/npmtest/node-npmtest-gulp-sourcemaps/node_modules/gulp-sourcemaps/index.js","s":{"1":1},"b":{},"f":{},"fnMap":{},"statementMap":{"1":{"start":{"line":3,"column":0},"end":{"line":8,"column":2}}},"branchMap":{},"code":["'use strict';","","module.exports = {","  init: require('./src/init'),","  write: require('./src/write'),","  mapSources: require('@gulp-sourcemaps/map-sources'),","  identityMap: require('@gulp-sourcemaps/identity-map')","};",""],"l":{"3":1}},"/home/travis/build/npmtest/node-npmtest-gulp-sourcemaps/node_modules/gulp-sourcemaps/src/init/index.js":{"path":"/home/travis/build/npmtest/node-npmtest-gulp-sourcemaps/node_modules/gulp-sourcemaps/src/init/index.js","s":{"1":1,"2":1,"3":1,"4":1,"5":1,"6":1,"7":1,"8":1,"9":1,"10":0,"11":1,"12":0,"13":0,"14":0,"15":0,"16":0,"17":0,"18":0,"19":0,"20":0,"21":0,"22":0,"23":0,"24":0,"25":0,"26":0,"27":0,"28":0,"29":0,"30":0,"31":0,"32":0,"33":0,"34":0,"35":0,"36":0,"37":0,"38":0,"39":0,"40":0,"41":0,"42":0,"43":0,"44":0,"45":0,"46":0,"47":0,"48":0,"49":0,"50":0,"51":0,"52":0,"53":0,"54":0,"55":0,"56":0,"57":1,"58":0,"59":0,"60":0,"61":0,"62":0,"63":0,"64":0,"65":0,"66":0,"67":0,"68":0,"69":0,"70":0,"71":0,"72":0,"73":0,"74":0,"75":0,"76":0,"77":0,"78":0,"79":0,"80":0,"81":0,"82":0,"83":0,"84":1},"b":{"1":[0,0],"2":[0,0],"3":[0,0],"4":[0,0],"5":[0,0],"6":[0,0],"7":[0,0],"8":[0,0],"9":[0,0],"10":[0,0],"11":[0,0],"12":[0,0],"13":[0,0],"14":[0,0],"15":[0,0],"16":[0,0],"17":[0,0],"18":[0,0]},"f":{"1":0,"2":0,"3":0,"4":0,"5":0,"6":0,"7":0,"8":0,"9":0,"10":0,"11":0},"fnMap":{"1":{"name":"init","line":14,"loc":{"start":{"line":14,"column":0},"end":{"line":14,"column":23}}},"2":{"name":"sourceMapInit","line":17,"loc":{"start":{"line":17,"column":2},"end":{"line":17,"column":51}}},"3":{"name":"(anonymous_3)","line":33,"loc":{"start":{"line":33,"column":10},"end":{"line":33,"column":21}}},"4":{"name":"(anonymous_4)","line":49,"loc":{"start":{"line":49,"column":12},"end":{"line":49,"column":23}}},"5":{"name":"(anonymous_5)","line":50,"loc":{"start":{"line":50,"column":12},"end":{"line":50,"column":23}}},"6":{"name":"(anonymous_6)","line":79,"loc":{"start":{"line":79,"column":14},"end":{"line":79,"column":25}}},"7":{"name":"(anonymous_7)","line":82,"loc":{"start":{"line":82,"column":29},"end":{"line":82,"column":43}}},"8":{"name":"logAst","line":87,"loc":{"start":{"line":87,"column":10},"end":{"line":87,"column":36}}},"9":{"name":"(anonymous_9)","line":88,"loc":{"start":{"line":88,"column":18},"end":{"line":88,"column":29}}},"10":{"name":"(anonymous_10)","line":91,"loc":{"start":{"line":91,"column":18},"end":{"line":91,"column":29}}},"11":{"name":"(anonymous_11)","line":102,"loc":{"start":{"line":102,"column":22},"end":{"line":102,"column":33}}}},"statementMap":{"1":{"start":{"line":2,"column":0},"end":{"line":2,"column":32}},"2":{"start":{"line":3,"column":0},"end":{"line":3,"column":40}},"3":{"start":{"line":4,"column":0},"end":{"line":4,"column":34}},"4":{"start":{"line":5,"column":0},"end":{"line":5,"column":27}},"5":{"start":{"line":6,"column":0},"end":{"line":6,"column":29}},"6":{"start":{"line":7,"column":0},"end":{"line":7,"column":66}},"7":{"start":{"line":8,"column":0},"end":{"line":8,"column":25}},"8":{"start":{"line":9,"column":0},"end":{"line":9,"column":49}},"9":{"start":{"line":14,"column":0},"end":{"line":139,"column":1}},"10":{"start":{"line":15,"column":2},"end":{"line":15,"column":48}},"11":{"start":{"line":17,"column":2},"end":{"line":136,"column":3}},"12":{"start":{"line":21,"column":4},"end":{"line":24,"column":5}},"13":{"start":{"line":22,"column":6},"end":{"line":22,"column":22}},"14":{"start":{"line":23,"column":6},"end":{"line":23,"column":24}},"15":{"start":{"line":26,"column":4},"end":{"line":28,"column":5}},"16":{"start":{"line":27,"column":6},"end":{"line":27,"column":87}},"17":{"start":{"line":30,"column":4},"end":{"line":32,"column":5}},"18":{"start":{"line":31,"column":6},"end":{"line":31,"column":19}},"19":{"start":{"line":33,"column":4},"end":{"line":35,"column":7}},"20":{"start":{"line":34,"column":6},"end":{"line":34,"column":21}},"21":{"start":{"line":37,"column":4},"end":{"line":37,"column":47}},"22":{"start":{"line":38,"column":4},"end":{"line":38,"column":38}},"23":{"start":{"line":39,"column":4},"end":{"line":39,"column":62}},"24":{"start":{"line":41,"column":4},"end":{"line":46,"column":5}},"25":{"start":{"line":42,"column":6},"end":{"line":42,"column":40}},"26":{"start":{"line":43,"column":6},"end":{"line":43,"column":29}},"27":{"start":{"line":44,"column":6},"end":{"line":44,"column":35}},"28":{"start":{"line":45,"column":6},"end":{"line":45,"column":53}},"29":{"start":{"line":48,"column":4},"end":{"line":116,"column":5}},"30":{"start":{"line":49,"column":6},"end":{"line":49,"column":119}},"31":{"start":{"line":49,"column":25},"end":{"line":49,"column":115}},"32":{"start":{"line":50,"column":6},"end":{"line":52,"column":9}},"33":{"start":{"line":51,"column":8},"end":{"line":51,"column":29}},"34":{"start":{"line":53,"column":6},"end":{"line":53,"column":45}},"35":{"start":{"line":54,"column":6},"end":{"line":54,"column":48}},"36":{"start":{"line":55,"column":6},"end":{"line":55,"column":61}},"37":{"start":{"line":57,"column":6},"end":{"line":115,"column":7}},"38":{"start":{"line":58,"column":8},"end":{"line":58,"column":72}},"39":{"start":{"line":59,"column":8},"end":{"line":72,"column":9}},"40":{"start":{"line":60,"column":10},"end":{"line":60,"column":43}},"41":{"start":{"line":61,"column":10},"end":{"line":62,"column":18}},"42":{"start":{"line":62,"column":12},"end":{"line":62,"column":18}},"43":{"start":{"line":63,"column":10},"end":{"line":67,"column":12}},"44":{"start":{"line":68,"column":10},"end":{"line":70,"column":11}},"45":{"start":{"line":69,"column":12},"end":{"line":69,"column":39}},"46":{"start":{"line":71,"column":10},"end":{"line":71,"column":40}},"47":{"start":{"line":73,"column":8},"end":{"line":73,"column":56}},"48":{"start":{"line":74,"column":8},"end":{"line":74,"column":39}},"49":{"start":{"line":76,"column":13},"end":{"line":115,"column":7}},"50":{"start":{"line":77,"column":8},"end":{"line":77,"column":21}},"51":{"start":{"line":78,"column":8},"end":{"line":78,"column":57}},"52":{"start":{"line":79,"column":8},"end":{"line":81,"column":11}},"53":{"start":{"line":80,"column":10},"end":{"line":80,"column":21}},"54":{"start":{"line":82,"column":8},"end":{"line":111,"column":10}},"55":{"start":{"line":83,"column":10},"end":{"line":85,"column":11}},"56":{"start":{"line":84,"column":12},"end":{"line":84,"column":112}},"57":{"start":{"line":87,"column":10},"end":{"line":94,"column":11}},"58":{"start":{"line":88,"column":12},"end":{"line":90,"column":15}},"59":{"start":{"line":89,"column":14},"end":{"line":89,"column":35}},"60":{"start":{"line":91,"column":12},"end":{"line":93,"column":15}},"61":{"start":{"line":92,"column":14},"end":{"line":92,"column":30}},"62":{"start":{"line":96,"column":10},"end":{"line":110,"column":11}},"63":{"start":{"line":97,"column":12},"end":{"line":97,"column":29}},"64":{"start":{"line":98,"column":12},"end":{"line":109,"column":13}},"65":{"start":{"line":99,"column":14},"end":{"line":108,"column":15}},"66":{"start":{"line":100,"column":16},"end":{"line":100,"column":41}},"67":{"start":{"line":101,"column":21},"end":{"line":108,"column":15}},"68":{"start":{"line":102,"column":16},"end":{"line":104,"column":19}},"69":{"start":{"line":103,"column":18},"end":{"line":103,"column":54}},"70":{"start":{"line":105,"column":16},"end":{"line":107,"column":17}},"71":{"start":{"line":106,"column":18},"end":{"line":106,"column":46}},"72":{"start":{"line":112,"column":8},"end":{"line":112,"column":28}},"73":{"start":{"line":113,"column":8},"end":{"line":113,"column":56}},"74":{"start":{"line":114,"column":8},"end":{"line":114,"column":39}},"75":{"start":{"line":118,"column":4},"end":{"line":129,"column":56}},"76":{"start":{"line":120,"column":6},"end":{"line":126,"column":8}},"77":{"start":{"line":128,"column":9},"end":{"line":129,"column":56}},"78":{"start":{"line":129,"column":6},"end":{"line":129,"column":56}},"79":{"start":{"line":131,"column":4},"end":{"line":131,"column":50}},"80":{"start":{"line":132,"column":4},"end":{"line":132,"column":31}},"81":{"start":{"line":134,"column":4},"end":{"line":134,"column":20}},"82":{"start":{"line":135,"column":4},"end":{"line":135,"column":15}},"83":{"start":{"line":138,"column":2},"end":{"line":138,"column":36}},"84":{"start":{"line":141,"column":0},"end":{"line":141,"column":22}}},"branchMap":{"1":{"line":21,"type":"if","locations":[{"start":{"line":21,"column":4},"end":{"line":21,"column":4}},{"start":{"line":21,"column":4},"end":{"line":21,"column":4}}]},"2":{"line":21,"type":"binary-expr","locations":[{"start":{"line":21,"column":8},"end":{"line":21,"column":21}},{"start":{"line":21,"column":25},"end":{"line":21,"column":39}}]},"3":{"line":26,"type":"if","locations":[{"start":{"line":26,"column":4},"end":{"line":26,"column":4}},{"start":{"line":26,"column":4},"end":{"line":26,"column":4}}]},"4":{"line":30,"type":"if","locations":[{"start":{"line":30,"column":4},"end":{"line":30,"column":4}},{"start":{"line":30,"column":4},"end":{"line":30,"column":4}}]},"5":{"line":41,"type":"if","locations":[{"start":{"line":41,"column":4},"end":{"line":41,"column":4}},{"start":{"line":41,"column":4},"end":{"line":41,"column":4}}]},"6":{"line":48,"type":"if","locations":[{"start":{"line":48,"column":4},"end":{"line":48,"column":4}},{"start":{"line":48,"column":4},"end":{"line":48,"column":4}}]},"7":{"line":48,"type":"binary-expr","locations":[{"start":{"line":48,"column":8},"end":{"line":48,"column":18}},{"start":{"line":48,"column":22},"end":{"line":48,"column":41}}]},"8":{"line":57,"type":"if","locations":[{"start":{"line":57,"column":6},"end":{"line":57,"column":6}},{"start":{"line":57,"column":6},"end":{"line":57,"column":6}}]},"9":{"line":61,"type":"if","locations":[{"start":{"line":61,"column":10},"end":{"line":61,"column":10}},{"start":{"line":61,"column":10},"end":{"line":61,"column":10}}]},"10":{"line":68,"type":"if","locations":[{"start":{"line":68,"column":10},"end":{"line":68,"column":10}},{"start":{"line":68,"column":10},"end":{"line":68,"column":10}}]},"11":{"line":76,"type":"if","locations":[{"start":{"line":76,"column":13},"end":{"line":76,"column":13}},{"start":{"line":76,"column":13},"end":{"line":76,"column":13}}]},"12":{"line":83,"type":"if","locations":[{"start":{"line":83,"column":10},"end":{"line":83,"column":10}},{"start":{"line":83,"column":10},"end":{"line":83,"column":10}}]},"13":{"line":98,"type":"if","locations":[{"start":{"line":98,"column":12},"end":{"line":98,"column":12}},{"start":{"line":98,"column":12},"end":{"line":98,"column":12}}]},"14":{"line":99,"type":"if","locations":[{"start":{"line":99,"column":14},"end":{"line":99,"column":14}},{"start":{"line":99,"column":14},"end":{"line":99,"column":14}}]},"15":{"line":101,"type":"if","locations":[{"start":{"line":101,"column":21},"end":{"line":101,"column":21}},{"start":{"line":101,"column":21},"end":{"line":101,"column":21}}]},"16":{"line":118,"type":"if","locations":[{"start":{"line":118,"column":4},"end":{"line":118,"column":4}},{"start":{"line":118,"column":4},"end":{"line":118,"column":4}}]},"17":{"line":128,"type":"if","locations":[{"start":{"line":128,"column":9},"end":{"line":128,"column":9}},{"start":{"line":128,"column":9},"end":{"line":128,"column":9}}]},"18":{"line":128,"type":"binary-expr","locations":[{"start":{"line":128,"column":12},"end":{"line":128,"column":39}},{"start":{"line":128,"column":43},"end":{"line":128,"column":84}}]}},"code":["'use strict';","var utils = require('../utils');","var unixStylePath = utils.unixStylePath;","var through = require('through2');","var path = require('path');","var acorn = require('acorn');","var SourceMapGenerator = require('source-map').SourceMapGenerator;","var css = require('css');","var initInternals = require('./index.internals');","","/**"," * Initialize source mapping chain"," */","function init(options) {","  var debug = require('../debug').spawn('init');","","  function sourceMapInit(file, encoding, callback) {","    /*jshint validthis:true */","","    // pass through if file is null or already has a source map","    if (file.isNull() || file.sourceMap) {","      this.push(file);","      return callback();","    }","","    if (file.isStream()) {","      return callback(new Error(utils.PLUGIN_NAME + '-init: Streaming not supported'));","    }","","    if (options === undefined) {","      options = {};","    }","    debug(function() {","      return options;","    });","","    var fileContent = file.contents.toString();","    var sourceMap, preExistingComment;","    var internals = initInternals(options, file, fileContent);","","    if (options.loadMaps) {","      var result = internals.loadMaps();","      sourceMap = result.map;","      fileContent = result.content;","      preExistingComment = result.preExistingComment;","    }","","    if (!sourceMap && options.identityMap) {","      debug(function() { return '**identityMap option is deprecated, update to use sourcemap.identityMap stream**'; });","      debug(function() {","        return 'identityMap';","      });","      var fileType = path.extname(file.path);","      var source = unixStylePath(file.relative);","      var generator = new SourceMapGenerator({file: source});","","      if (fileType === '.js') {","        var tokenizer = acorn.tokenizer(fileContent, {locations: true});","        while (true) {","          var token = tokenizer.getToken();","          if (token.type.label === \"eof\")","            break;","          var mapping = {","            original: token.loc.start,","            generated: token.loc.start,","            source: source","          };","          if (token.type.label === 'name') {","            mapping.name = token.value;","          }","          generator.addMapping(mapping);","        }","        generator.setSourceContent(source, fileContent);","        sourceMap = generator.toJSON();","","      } else if (fileType === '.css') {","        debug('css');","        var ast = css.parse(fileContent, {silent: true});","        debug(function() {","          return ast;","        });","        var registerTokens = function(ast) {","          if (ast.position) {","            generator.addMapping({original: ast.position.start, generated: ast.position.start, source: source});","          }","","          function logAst(key, ast) {","            debug(function() {","              return 'key: ' + key;","            });","            debug(function() {","              return ast[key];","            });","          }","","          for (var key in ast) {","            logAst(key, ast);","            if (key !== \"position\") {","              if (Object.prototype.toString.call(ast[key]) === '[object Object]') {","                registerTokens(ast[key]);","              } else if (Array.isArray(ast[key])) {","                debug(function() {","                  return \"@@@@ ast[key] isArray @@@@\";","                });","                for (var i = 0; i < ast[key].length; i++) {","                  registerTokens(ast[key][i]);","                }","              }","            }","          }","        };","        registerTokens(ast);","        generator.setSourceContent(source, fileContent);","        sourceMap = generator.toJSON();","      }","    }","","    if (!sourceMap) {","      // Make an empty source map","      sourceMap = {","        version: 3,","        names: [],","        mappings: '',","        sources: [unixStylePath(file.relative)],","        sourcesContent: [fileContent]","      };","    }","    else if(preExistingComment !== null && typeof preExistingComment !== 'undefined')","      sourceMap.preExistingComment = preExistingComment;","","    sourceMap.file = unixStylePath(file.relative);","    file.sourceMap = sourceMap;","","    this.push(file);","    callback();","  }","","  return through.obj(sourceMapInit);","}","","module.exports = init;",""],"l":{"2":1,"3":1,"4":1,"5":1,"6":1,"7":1,"8":1,"9":1,"14":1,"15":0,"17":1,"21":0,"22":0,"23":0,"26":0,"27":0,"30":0,"31":0,"33":0,"34":0,"37":0,"38":0,"39":0,"41":0,"42":0,"43":0,"44":0,"45":0,"48":0,"49":0,"50":0,"51":0,"53":0,"54":0,"55":0,"57":0,"58":0,"59":0,"60":0,"61":0,"62":0,"63":0,"68":0,"69":0,"71":0,"73":0,"74":0,"76":0,"77":0,"78":0,"79":0,"80":0,"82":0,"83":0,"84":0,"87":1,"88":0,"89":0,"91":0,"92":0,"96":0,"97":0,"98":0,"99":0,"100":0,"101":0,"102":0,"103":0,"105":0,"106":0,"112":0,"113":0,"114":0,"118":0,"120":0,"128":0,"129":0,"131":0,"132":0,"134":0,"135":0,"138":0,"141":1}},"/home/travis/build/npmtest/node-npmtest-gulp-sourcemaps/node_modules/gulp-sourcemaps/src/utils.js":{"path":"/home/travis/build/npmtest/node-npmtest-gulp-sourcemaps/node_modules/gulp-sourcemaps/src/utils.js","s":{"1":1,"2":1,"3":0,"4":1,"5":1,"6":1,"7":1,"8":0,"9":1,"10":0,"11":0,"12":0,"13":0,"14":0,"15":0,"16":0,"17":0,"18":0,"19":0,"20":0,"21":0,"22":0,"23":0,"24":0,"25":0,"26":0,"27":0,"28":0,"29":0,"30":0,"31":0,"32":1,"33":0,"34":0,"35":0,"36":0,"37":1},"b":{"1":[0,0],"2":[0,0],"3":[0,0,0],"4":[0,0]},"f":{"1":0,"2":0,"3":0,"4":0,"5":0,"6":0,"7":0,"8":0,"9":0,"10":0,"11":0,"12":0,"13":0},"fnMap":{"1":{"name":"unixStylePath","line":5,"loc":{"start":{"line":5,"column":0},"end":{"line":5,"column":33}}},"2":{"name":"(anonymous_2)","line":20,"loc":{"start":{"line":20,"column":24},"end":{"line":20,"column":34}}},"3":{"name":"(anonymous_3)","line":23,"loc":{"start":{"line":23,"column":26},"end":{"line":23,"column":42}}},"4":{"name":"(anonymous_4)","line":27,"loc":{"start":{"line":27,"column":23},"end":{"line":27,"column":37}}},"5":{"name":"(anonymous_5)","line":32,"loc":{"start":{"line":32,"column":10},"end":{"line":32,"column":21}}},"6":{"name":"(anonymous_6)","line":33,"loc":{"start":{"line":33,"column":23},"end":{"line":33,"column":37}}},"7":{"name":"(anonymous_7)","line":41,"loc":{"start":{"line":41,"column":12},"end":{"line":41,"column":23}}},"8":{"name":"(anonymous_8)","line":42,"loc":{"start":{"line":42,"column":25},"end":{"line":42,"column":39}}},"9":{"name":"(anonymous_9)","line":47,"loc":{"start":{"line":47,"column":12},"end":{"line":47,"column":23}}},"10":{"name":"(anonymous_10)","line":48,"loc":{"start":{"line":48,"column":25},"end":{"line":48,"column":39}}},"11":{"name":"(anonymous_11)","line":53,"loc":{"start":{"line":53,"column":12},"end":{"line":53,"column":23}}},"12":{"name":"(anonymous_12)","line":59,"loc":{"start":{"line":59,"column":27},"end":{"line":59,"column":48}}},"13":{"name":"(anonymous_13)","line":61,"loc":{"start":{"line":61,"column":10},"end":{"line":61,"column":21}}}},"statementMap":{"1":{"start":{"line":2,"column":0},"end":{"line":3,"column":44}},"2":{"start":{"line":5,"column":0},"end":{"line":7,"column":1}},"3":{"start":{"line":6,"column":2},"end":{"line":6,"column":44}},"4":{"start":{"line":9,"column":0},"end":{"line":9,"column":50}},"5":{"start":{"line":11,"column":0},"end":{"line":11,"column":49}},"6":{"start":{"line":13,"column":0},"end":{"line":13,"column":46}},"7":{"start":{"line":20,"column":0},"end":{"line":20,"column":76}},"8":{"start":{"line":20,"column":36},"end":{"line":20,"column":74}},"9":{"start":{"line":23,"column":0},"end":{"line":57,"column":2}},"10":{"start":{"line":24,"column":2},"end":{"line":29,"column":6}},"11":{"start":{"line":28,"column":6},"end":{"line":28,"column":16}},"12":{"start":{"line":31,"column":2},"end":{"line":37,"column":3}},"13":{"start":{"line":32,"column":4},"end":{"line":32,"column":72}},"14":{"start":{"line":32,"column":23},"end":{"line":32,"column":68}},"15":{"start":{"line":33,"column":4},"end":{"line":35,"column":6}},"16":{"start":{"line":34,"column":6},"end":{"line":34,"column":53}},"17":{"start":{"line":36,"column":4},"end":{"line":36,"column":28}},"18":{"start":{"line":39,"column":2},"end":{"line":54,"column":3}},"19":{"start":{"line":41,"column":6},"end":{"line":41,"column":58}},"20":{"start":{"line":41,"column":25},"end":{"line":41,"column":55}},"21":{"start":{"line":42,"column":6},"end":{"line":44,"column":8}},"22":{"start":{"line":43,"column":8},"end":{"line":43,"column":73}},"23":{"start":{"line":45,"column":6},"end":{"line":45,"column":12}},"24":{"start":{"line":47,"column":6},"end":{"line":47,"column":58}},"25":{"start":{"line":47,"column":25},"end":{"line":47,"column":54}},"26":{"start":{"line":48,"column":6},"end":{"line":50,"column":8}},"27":{"start":{"line":49,"column":8},"end":{"line":49,"column":65}},"28":{"start":{"line":51,"column":6},"end":{"line":51,"column":12}},"29":{"start":{"line":53,"column":6},"end":{"line":53,"column":63}},"30":{"start":{"line":53,"column":25},"end":{"line":53,"column":59}},"31":{"start":{"line":56,"column":2},"end":{"line":56,"column":26}},"32":{"start":{"line":59,"column":0},"end":{"line":64,"column":2}},"33":{"start":{"line":60,"column":2},"end":{"line":63,"column":3}},"34":{"start":{"line":61,"column":4},"end":{"line":61,"column":52}},"35":{"start":{"line":61,"column":23},"end":{"line":61,"column":48}},"36":{"start":{"line":62,"column":4},"end":{"line":62,"column":53}},"37":{"start":{"line":67,"column":0},"end":{"line":74,"column":2}}},"branchMap":{"1":{"line":26,"type":"binary-expr","locations":[{"start":{"line":26,"column":38},"end":{"line":26,"column":50}},{"start":{"line":26,"column":54},"end":{"line":26,"column":56}}]},"2":{"line":31,"type":"if","locations":[{"start":{"line":31,"column":2},"end":{"line":31,"column":2}},{"start":{"line":31,"column":2},"end":{"line":31,"column":2}}]},"3":{"line":39,"type":"switch","locations":[{"start":{"line":40,"column":4},"end":{"line":45,"column":12}},{"start":{"line":46,"column":4},"end":{"line":51,"column":12}},{"start":{"line":52,"column":4},"end":{"line":53,"column":63}}]},"4":{"line":60,"type":"if","locations":[{"start":{"line":60,"column":2},"end":{"line":60,"column":2}},{"start":{"line":60,"column":2},"end":{"line":60,"column":2}}]}},"code":["'use strict';","var path = require('path'),","  detectNewline = require('detect-newline');","","function unixStylePath(filePath) {","  return filePath.split(path.sep).join('/');","}","","var PLUGIN_NAME = require('../package.json').name;","","var urlRegex = /^(https?|webpack(-[^:]+)?):\\/\\//;","","var debug = require('./debug').spawn('utils');","/*","So reusing the same ref for a regex (with global (g)) is from a poor decision in js.","See http://stackoverflow.com/questions/10229144/bug-with-regexp-in-javascript-when-do-global-search","","So we either need to use a new instance of a regex everywhere.","*/","var sourceMapUrlRegEx = function(){ return /\\/\\/\\# sourceMappingURL\\=.*/g;};","","","var getCommentFormatter = function (file) {","  var extension = file.relative.split('.').pop(),","    fileContents =  file.contents.toString(),","    newline =  detectNewline.graceful(fileContents || ''),","    commentFormatter = function(url) {","      return '';","    };","","  if (file.sourceMap.preExistingComment){","    debug(function() { return 'preExistingComment commentFormatter'; });","    commentFormatter = function(url) {","      return \"//# sourceMappingURL=\" + url + newline;","    };","    return commentFormatter;","  }","","  switch (extension) {","    case 'css':","      debug(function() { return 'css commentFormatter';});","      commentFormatter = function(url) {","        return newline + \"/*# sourceMappingURL=\" + url + \" */\" + newline;","      };","      break;","    case 'js':","      debug(function() { return 'js commentFormatter'; });","      commentFormatter = function(url) {","        return newline + \"//# sourceMappingURL=\" + url + newline;","      };","      break;","    default:","      debug(function() { return 'unknown commentFormatter'; });","  }","","  return commentFormatter;","};","","var getInlinePreExisting = function(fileContent){","  if(sourceMapUrlRegEx().test(fileContent)){","    debug(function() { return 'has preExisting'; });","    return fileContent.match(sourceMapUrlRegEx())[0];","  }","};","","","module.exports = {","  unixStylePath: unixStylePath,","  PLUGIN_NAME: PLUGIN_NAME,","  urlRegex: urlRegex,","  sourceMapUrlRegEx: sourceMapUrlRegEx,","  getCommentFormatter: getCommentFormatter,","  getInlinePreExisting: getInlinePreExisting","};",""],"l":{"2":1,"5":1,"6":0,"9":1,"11":1,"13":1,"20":1,"23":1,"24":0,"28":0,"31":0,"32":0,"33":0,"34":0,"36":0,"39":0,"41":0,"42":0,"43":0,"45":0,"47":0,"48":0,"49":0,"51":0,"53":0,"56":0,"59":1,"60":0,"61":0,"62":0,"67":1}},"/home/travis/build/npmtest/node-npmtest-gulp-sourcemaps/node_modules/gulp-sourcemaps/src/debug.js":{"path":"/home/travis/build/npmtest/node-npmtest-gulp-sourcemaps/node_modules/gulp-sourcemaps/src/debug.js","s":{"1":1},"b":{},"f":{},"fnMap":{},"statementMap":{"1":{"start":{"line":1,"column":0},"end":{"line":1,"column":86}}},"branchMap":{},"code":["module.exports = require('debug-fabulous').spawnable(require('../package.json').name);",""],"l":{"1":1}},"/home/travis/build/npmtest/node-npmtest-gulp-sourcemaps/node_modules/gulp-sourcemaps/src/init/index.internals.js":{"path":"/home/travis/build/npmtest/node-npmtest-gulp-sourcemaps/node_modules/gulp-sourcemaps/src/init/index.internals.js","s":{"1":1,"2":1,"3":1,"4":1,"5":1,"6":1,"7":1,"8":1,"9":1,"10":1,"11":0,"12":0,"13":0,"14":0,"15":0,"16":0,"17":1,"18":0,"19":0,"20":0,"21":0,"22":0,"23":0,"24":0,"25":0,"26":0,"27":0,"28":0,"29":0,"30":0,"31":0,"32":0,"33":0,"34":0,"35":0,"36":0,"37":0,"38":0,"39":0,"40":0,"41":0,"42":0,"43":0,"44":1,"45":0,"46":0,"47":0,"48":0,"49":0,"50":0,"51":0,"52":0,"53":0,"54":0,"55":1,"56":0,"57":0,"58":0,"59":0,"60":0,"61":0,"62":0,"63":0,"64":0,"65":0,"66":0},"b":{"1":[0,0],"2":[0,0],"3":[0,0],"4":[0,0],"5":[0,0],"6":[0,0],"7":[0,0],"8":[0,0],"9":[0,0],"10":[0,0],"11":[0,0],"12":[0,0],"13":[0,0]},"f":{"1":0,"2":0,"3":0,"4":0,"5":0,"6":0,"7":0,"8":0},"fnMap":{"1":{"name":"(anonymous_1)","line":12,"loc":{"start":{"line":12,"column":17},"end":{"line":12,"column":54}}},"2":{"name":"loadMaps","line":14,"loc":{"start":{"line":14,"column":2},"end":{"line":14,"column":22}}},"3":{"name":"_fixSources","line":32,"loc":{"start":{"line":32,"column":2},"end":{"line":32,"column":32}}},"4":{"name":"(anonymous_4)","line":38,"loc":{"start":{"line":38,"column":34},"end":{"line":38,"column":54}}},"5":{"name":"(anonymous_5)","line":61,"loc":{"start":{"line":61,"column":20},"end":{"line":61,"column":31}}},"6":{"name":"(anonymous_6)","line":64,"loc":{"start":{"line":64,"column":20},"end":{"line":64,"column":31}}},"7":{"name":"_getInlineSources","line":77,"loc":{"start":{"line":77,"column":2},"end":{"line":77,"column":38}}},"8":{"name":"_getFileSources","line":96,"loc":{"start":{"line":96,"column":2},"end":{"line":96,"column":36}}}},"statementMap":{"1":{"start":{"line":3,"column":0},"end":{"line":3,"column":32}},"2":{"start":{"line":4,"column":0},"end":{"line":4,"column":36}},"3":{"start":{"line":5,"column":0},"end":{"line":5,"column":44}},"4":{"start":{"line":6,"column":0},"end":{"line":6,"column":43}},"5":{"start":{"line":7,"column":0},"end":{"line":7,"column":30}},"6":{"start":{"line":8,"column":0},"end":{"line":8,"column":32}},"7":{"start":{"line":9,"column":0},"end":{"line":9,"column":27}},"8":{"start":{"line":10,"column":0},"end":{"line":10,"column":40}},"9":{"start":{"line":12,"column":0},"end":{"line":121,"column":2}},"10":{"start":{"line":14,"column":2},"end":{"line":30,"column":3}},"11":{"start":{"line":16,"column":4},"end":{"line":21,"column":6}},"12":{"start":{"line":23,"column":4},"end":{"line":23,"column":31}},"13":{"start":{"line":24,"column":4},"end":{"line":25,"column":31}},"14":{"start":{"line":25,"column":6},"end":{"line":25,"column":31}},"15":{"start":{"line":27,"column":4},"end":{"line":27,"column":25}},"16":{"start":{"line":29,"column":4},"end":{"line":29,"column":19}},"17":{"start":{"line":32,"column":2},"end":{"line":75,"column":3}},"18":{"start":{"line":33,"column":4},"end":{"line":33,"column":71}},"19":{"start":{"line":36,"column":4},"end":{"line":73,"column":5}},"20":{"start":{"line":37,"column":6},"end":{"line":37,"column":68}},"21":{"start":{"line":38,"column":6},"end":{"line":70,"column":9}},"22":{"start":{"line":39,"column":8},"end":{"line":42,"column":9}},"23":{"start":{"line":40,"column":10},"end":{"line":40,"column":80}},"24":{"start":{"line":41,"column":10},"end":{"line":41,"column":17}},"25":{"start":{"line":43,"column":8},"end":{"line":43,"column":57}},"26":{"start":{"line":44,"column":8},"end":{"line":44,"column":82}},"27":{"start":{"line":46,"column":8},"end":{"line":68,"column":9}},"28":{"start":{"line":47,"column":10},"end":{"line":47,"column":35}},"29":{"start":{"line":48,"column":10},"end":{"line":54,"column":11}},"30":{"start":{"line":49,"column":12},"end":{"line":52,"column":13}},"31":{"start":{"line":50,"column":14},"end":{"line":50,"column":51}},"32":{"start":{"line":51,"column":14},"end":{"line":51,"column":21}},"33":{"start":{"line":53,"column":12},"end":{"line":53,"column":81}},"34":{"start":{"line":57,"column":10},"end":{"line":66,"column":11}},"35":{"start":{"line":58,"column":12},"end":{"line":58,"column":44}},"36":{"start":{"line":60,"column":12},"end":{"line":65,"column":13}},"37":{"start":{"line":61,"column":14},"end":{"line":61,"column":105}},"38":{"start":{"line":61,"column":33},"end":{"line":61,"column":101}},"39":{"start":{"line":62,"column":14},"end":{"line":62,"column":73}},"40":{"start":{"line":64,"column":14},"end":{"line":64,"column":86}},"41":{"start":{"line":64,"column":33},"end":{"line":64,"column":82}},"42":{"start":{"line":67,"column":10},"end":{"line":67,"column":56}},"43":{"start":{"line":72,"column":6},"end":{"line":72,"column":58}},"44":{"start":{"line":77,"column":2},"end":
[...]
lumn":4},"end":{"line":18,"column":35}},"15":{"start":{"line":19,"column":4},"end":{"line":25,"column":5}},"16":{"start":{"line":20,"column":6},"end":{"line":20,"column":50}},"17":{"start":{"line":20,"column":25},"end":{"line":20,"column":46}},"18":{"start":{"line":21,"column":6},"end":{"line":21,"column":54}},"19":{"start":{"line":23,"column":6},"end":{"line":23,"column":51}},"20":{"start":{"line":23,"column":25},"end":{"line":23,"column":47}},"21":{"start":{"line":24,"column":6},"end":{"line":24,"column":48}},"22":{"start":{"line":26,"column":4},"end":{"line":29,"column":5}},"23":{"start":{"line":27,"column":6},"end":{"line":27,"column":48}},"24":{"start":{"line":27,"column":25},"end":{"line":27,"column":44}},"25":{"start":{"line":28,"column":6},"end":{"line":28,"column":39}},"26":{"start":{"line":32,"column":2},"end":{"line":67,"column":3}},"27":{"start":{"line":33,"column":4},"end":{"line":33,"column":46}},"28":{"start":{"line":36,"column":4},"end":{"line":44,"column":5}},"29":{"start":{"line":37,"column":6},"end":{"line":37,"column":106}},"30":{"start":{"line":37,"column":25},"end":{"line":37,"column":102}},"31":{"start":{"line":38,"column":6},"end":{"line":38,"column":47}},"32":{"start":{"line":38,"column":25},"end":{"line":38,"column":43}},"33":{"start":{"line":40,"column":6},"end":{"line":42,"column":9}},"34":{"start":{"line":41,"column":8},"end":{"line":41,"column":50}},"35":{"start":{"line":43,"column":6},"end":{"line":43,"column":13}},"36":{"start":{"line":46,"column":4},"end":{"line":46,"column":60}},"37":{"start":{"line":46,"column":23},"end":{"line":46,"column":56}},"38":{"start":{"line":47,"column":4},"end":{"line":47,"column":58}},"39":{"start":{"line":47,"column":23},"end":{"line":47,"column":54}},"40":{"start":{"line":48,"column":4},"end":{"line":48,"column":60}},"41":{"start":{"line":48,"column":23},"end":{"line":48,"column":56}},"42":{"start":{"line":50,"column":4},"end":{"line":66,"column":7}},"43":{"start":{"line":52,"column":6},"end":{"line":52,"column":60}},"44":{"start":{"line":52,"column":25},"end":{"line":52,"column":56}},"45":{"start":{"line":54,"column":6},"end":{"line":64,"column":7}},"46":{"start":{"line":55,"column":8},"end":{"line":55,"column":59}},"47":{"start":{"line":55,"column":27},"end":{"line":55,"column":55}},"48":{"start":{"line":57,"column":8},"end":{"line":63,"column":9}},"49":{"start":{"line":58,"column":10},"end":{"line":58,"column":56}},"50":{"start":{"line":58,"column":29},"end":{"line":58,"column":52}},"51":{"start":{"line":59,"column":10},"end":{"line":59,"column":74}},"52":{"start":{"line":61,"column":12},"end":{"line":61,"column":74}},"53":{"start":{"line":61,"column":31},"end":{"line":61,"column":70}},"54":{"start":{"line":62,"column":12},"end":{"line":62,"column":82}},"55":{"start":{"line":65,"column":6},"end":{"line":65,"column":37}},"56":{"start":{"line":69,"column":2},"end":{"line":92,"column":3}},"57":{"start":{"line":70,"column":4},"end":{"line":70,"column":47}},"58":{"start":{"line":72,"column":4},"end":{"line":72,"column":35}},"59":{"start":{"line":73,"column":4},"end":{"line":91,"column":5}},"60":{"start":{"line":74,"column":6},"end":{"line":74,"column":64}},"61":{"start":{"line":77,"column":6},"end":{"line":88,"column":7}},"62":{"start":{"line":78,"column":8},"end":{"line":87,"column":9}},"63":{"start":{"line":79,"column":10},"end":{"line":79,"column":73}},"64":{"start":{"line":80,"column":10},"end":{"line":86,"column":11}},"65":{"start":{"line":81,"column":12},"end":{"line":81,"column":94}},"66":{"start":{"line":82,"column":12},"end":{"line":82,"column":88}},"67":{"start":{"line":85,"column":12},"end":{"line":85,"column":58}},"68":{"start":{"line":90,"column":6},"end":{"line":90,"column":38}},"69":{"start":{"line":94,"column":2},"end":{"line":171,"column":3}},"70":{"start":{"line":95,"column":4},"end":{"line":95,"column":47}},"71":{"start":{"line":96,"column":4},"end":{"line":96,"column":35}},"72":{"start":{"line":98,"column":4},"end":{"line":99,"column":57}},"73":{"start":{"line":101,"column":4},"end":{"line":165,"column":5}},"74":{"start":{"line":103,"column":6},"end":{"line":103,"column":79}},"75":{"start":{"line":104,"column":6},"end":{"line":104,"column":110}},"76":{"start":{"line":106,"column":6},"end":{"line":106,"column":64}},"77":{"start":{"line":108,"column":6},"end":{"line":110,"column":7}},"78":{"start":{"line":109,"column":8},"end":{"line":109,"column":43}},"79":{"start":{"line":112,"column":6},"end":{"line":112,"column":56}},"80":{"start":{"line":115,"column":6},"end":{"line":130,"column":7}},"81":{"start":{"line":116,"column":8},"end":{"line":116,"column":79}},"82":{"start":{"line":117,"column":8},"end":{"line":117,"column":80}},"83":{"start":{"line":118,"column":8},"end":{"line":118,"column":101}},"84":{"start":{"line":119,"column":8},"end":{"line":123,"column":9}},"85":{"start":{"line":120,"column":10},"end":{"line":120,"column":106}},"86":{"start":{"line":121,"column":15},"end":{"line":123,"column":9}},"87":{"start":{"line":122,"column":10},"end":{"line":122,"column":139}},"88":{"start":{"line":126,"column":8},"end":{"line":126,"column":94}},"89":{"start":{"line":127,"column":8},"end":{"line":129,"column":9}},"90":{"start":{"line":128,"column":10},"end":{"line":128,"column":135}},"91":{"start":{"line":132,"column":6},"end":{"line":132,"column":24}},"92":{"start":{"line":133,"column":6},"end":{"line":133,"column":80}},"93":{"start":{"line":134,"column":6},"end":{"line":134,"column":41}},"94":{"start":{"line":135,"column":6},"end":{"line":135,"column":69}},"95":{"start":{"line":136,"column":6},"end":{"line":144,"column":8}},"96":{"start":{"line":137,"column":30},"end":{"line":137,"column":42}},"97":{"start":{"line":138,"column":35},"end":{"line":138,"column":48}},"98":{"start":{"line":139,"column":37},"end":{"line":139,"column":50}},"99":{"start":{"line":140,"column":41},"end":{"line":140,"column":54}},"100":{"start":{"line":141,"column":38},"end":{"line":141,"column":51}},"101":{"start":{"line":142,"column":30},"end":{"line":142,"column":43}},"102":{"start":{"line":143,"column":32},"end":{"line":143,"column":45}},"103":{"start":{"line":145,"column":6},"end":{"line":145,"column":33}},"104":{"start":{"line":147,"column":6},"end":{"line":147,"column":88}},"105":{"start":{"line":149,"column":6},"end":{"line":157,"column":7}},"106":{"start":{"line":150,"column":8},"end":{"line":150,"column":24}},"107":{"start":{"line":151,"column":8},"end":{"line":155,"column":9}},"108":{"start":{"line":152,"column":10},"end":{"line":152,"column":56}},"109":{"start":{"line":154,"column":10},"end":{"line":154,"column":50}},"110":{"start":{"line":156,"column":8},"end":{"line":156,"column":79}},"111":{"start":{"line":158,"column":6},"end":{"line":158,"column":55}},"112":{"start":{"line":158,"column":25},"end":{"line":158,"column":51}},"113":{"start":{"line":159,"column":6},"end":{"line":159,"column":71}},"114":{"start":{"line":161,"column":6},"end":{"line":164,"column":7}},"115":{"start":{"line":162,"column":8},"end":{"line":162,"column":73}},"116":{"start":{"line":162,"column":27},"end":{"line":162,"column":69}},"117":{"start":{"line":163,"column":8},"end":{"line":163,"column":67}},"118":{"start":{"line":168,"column":4},"end":{"line":170,"column":5}},"119":{"start":{"line":169,"column":6},"end":{"line":169,"column":74}},"120":{"start":{"line":173,"column":2},"end":{"line":178,"column":4}}},"branchMap":{"1":{"line":19,"type":"if","locations":[{"start":{"line":19,"column":4},"end":{"line":19,"column":4}},{"start":{"line":19,"column":4},"end":{"line":19,"column":4}}]},"2":{"line":26,"type":"if","locations":[{"start":{"line":26,"column":4},"end":{"line":26,"column":4}},{"start":{"line":26,"column":4},"end":{"line":26,"column":4}}]},"3":{"line":36,"type":"if","locations":[{"start":{"line":36,"column":4},"end":{"line":36,"column":4}},{"start":{"line":36,"column":4},"end":{"line":36,"column":4}}]},"4":{"line":36,"type":"binary-expr","locations":[{"start":{"line":36,"column":8},"end":{"line":36,"column":26}},{"start":{"line":36,"column":30},"end":{"line":36,"column":70}}]},"5":{"line":54,"type":"if","locations":[{"start":{"line":54,"column":6},"end":{"line":54,"column":6}},{"start":{"line":54,"column":6},"end":{"line":54,"column":6}}]},"6":{"line":57,"type":"if","locations":[{"start":{"line":57,"column":8},"end":{"line":57,"column":8}},{"start":{"line":57,"column":8},"end":{"line":57,"column":8}}]},"7":{"line":73,"type":"if","locations":[{"start":{"line":73,"column":4},"end":{"line":73,"column":4}},{"start":{"line":73,"column":4},"end":{"line":73,"column":4}}]},"8":{"line":74,"type":"binary-expr","locations":[{"start":{"line":74,"column":33},"end":{"line":74,"column":57}},{"start":{"line":74,"column":61},"end":{"line":74,"column":63}}]},"9":{"line":78,"type":"if","locations":[{"start":{"line":78,"column":8},"end":{"line":78,"column":8}},{"start":{"line":78,"column":8},"end":{"line":78,"column":8}}]},"10":{"line":101,"type":"if","locations":[{"start":{"line":101,"column":4},"end":{"line":101,"column":4}},{"start":{"line":101,"column":4},"end":{"line":101,"column":4}}]},"11":{"line":101,"type":"binary-expr","locations":[{"start":{"line":101,"column":8},"end":{"line":101,"column":30}},{"start":{"line":101,"column":34},"end":{"line":101,"column":51}}]},"12":{"line":108,"type":"if","locations":[{"start":{"line":108,"column":6},"end":{"line":108,"column":6}},{"start":{"line":108,"column":6},"end":{"line":108,"column":6}}]},"13":{"line":108,"type":"binary-expr","locations":[{"start":{"line":108,"column":10},"end":{"line":108,"column":25}},{"start":{"line":108,"column":29},"end":{"line":108,"column":66}}]},"14":{"line":115,"type":"if","locations":[{"start":{"line":115,"column":6},"end":{"line":115,"column":6}},{"start":{"line":115,"column":6},"end":{"line":115,"column":6}}]},"15":{"line":119,"type":"if","locations":[{"start":{"line":119,"column":8},"end":{"line":119,"column":8}},{"start":{"line":119,"column":8},"end":{"line":119,"column":8}}]},"16":{"line":121,"type":"if","locations":[{"start":{"line":121,"column":15},"end":{"line":121,"column":15}},{"start":{"line":121,"column":15},"end":{"line":121,"column":15}}]},"17":{"line":121,"type":"binary-expr","locations":[{"start":{"line":121,"column":19},"end":{"line":121,"column":46}},{"start":{"line":121,"column":51},"end":{"line":121,"column":71}},{"start":{"line":121,"column":75},"end":{"line":121,"column":106}}]},"18":{"line":127,"type":"if","locations":[{"start":{"line":127,"column":8},"end":{"line":127,"column":8}},{"start":{"line":127,"column":8},"end":{"line":127,"column":8}}]},"19":{"line":127,"type":"binary-expr","locations":[{"start":{"line":127,"column":12},"end":{"line":127,"column":39}},{"start":{"line":127,"column":44},"end":{"line":127,"column":64}},{"start":{"line":127,"column":68},"end":{"line":127,"column":99}}]},"20":{"line":133,"type":"binary-expr","locations":[{"start":{"line":133,"column":33},"end":{"line":133,"column":46}},{"start":{"line":133,"column":50},"end":{"line":133,"column":78}}]},"21":{"line":149,"type":"if","locations":[{"start":{"line":149,"column":6},"end":{"line":149,"column":6}},{"start":{"line":149,"column":6},"end":{"line":149,"column":6}}]},"22":{"line":151,"type":"if","locations":[{"start":{"line":151,"column":8},"end":{"line":151,"column":8}},{"start":{"line":151,"column":8},"end":{"line":151,"column":8}}]},"23":{"line":161,"type":"if","locations":[{"start":{"line":161,"column":6},"end":{"line":161,"column":6}},{"start":{"line":161,"column":6},"end":{"line":161,"column":6}}]},"24":{"line":161,"type":"binary-expr","locations":[{"start":{"line":161,"column":10},"end":{"line":161,"column":34}},{"start":{"line":161,"column":38},"end":{"line":161,"column":84}}]},"25":{"line":168,"type":"if","locations":[{"start":{"line":168,"column":4},"end":{"line":168,"column":4}},{"start":{"line":168,"column":4},"end":{"line":168,"column":4}}]}},"code":["'use strict';","","module.exports = function(destPath, options) {","","  var utils = require('../utils');","  var unixStylePath = utils.unixStylePath;","  var fs = require('graceful-fs');","  var path = require('path');","  var stripBom = require('strip-bom-string');","  var rootDebug = require('../debug').spawn('write:internals');","","  rootDebug(function() { return \"options\"; });","  rootDebug(function() { return options; });","","  function setSourceRoot(file) {","    var debug = rootDebug.spawn('setSourceRoot');","","    var sourceMap = file.sourceMap;","    if (typeof options.sourceRoot === 'function') {","      debug(function() { return 'is function'; });","      sourceMap.sourceRoot = options.sourceRoot(file);","    } else {","      debug(function() { return 'from options'; });","      sourceMap.sourceRoot = options.sourceRoot;","    }","    if (sourceMap.sourceRoot === null) {","      debug(function() { return 'undefined'; });","      sourceMap.sourceRoot = undefined;","    }","  }","","  function mapSources(file) {","    var debug = rootDebug.spawn('mapSources');","","    //NOTE: make sure source mapping happens after content has been loaded","    if (options.mapSources && typeof options.mapSources === 'function') {","      debug(function() { return '**Option is deprecated, update to use sourcemap.mapSources stream**'; });","      debug(function() { return 'function'; });","","      file.sourceMap.sources = file.sourceMap.sources.map(function (filePath) {","        return options.mapSources(filePath, file);","      });","      return;","    }","","    debug(function() { return \"file.path: \" + file.path; });","    debug(function() { return \"file.cwd: \" + file.cwd; });","    debug(function() { return \"file.base: \" + file.base; });","","    file.sourceMap.sources = file.sourceMap.sources.map(function(filePath) {","      // keep the references files like ../node_modules within the sourceRoot","      debug(function() { return \"filePath: \" + filePath; });","","      if (options.mapSourcesAbsolute === true){","        debug(function() { return 'mapSourcesAbsolute'; });","","        if (!file.dirname){","          debug(function() { return '!file.dirname'; });","          filePath = path.join(file.base, filePath).replace(file.cwd, '');","        } else {","            debug(function() { return 'file.dirname: ' + file.dirname; });","            filePath = path.resolve(file.dirname, filePath).replace(file.cwd, '');","        }","      }","      return unixStylePath(filePath);","    });","  }","","  function loadContent(file) {","    var debug = rootDebug.spawn('loadContent');","","    var sourceMap = file.sourceMap;","    if (options.includeContent) {","      sourceMap.sourcesContent = sourceMap.sourcesContent || [];","","      // load missing source content","      for (var i = 0; i < sourceMap.sources.length; i++) {","        if (!sourceMap.sourcesContent[i]) {","          var sourcePath = path.resolve(file.base, sourceMap.sources[i]);","          try {","            debug('No source content for \"' + sourceMap.sources[i] + '\". Loading from file.');","            sourceMap.sourcesContent[i] = stripBom(fs.readFileSync(sourcePath, 'utf8'));","          }","          catch (e) {","            debug('source file not found: ' + sourcePath);","          }","        }","      }","    } else {","      delete sourceMap.sourcesContent;","    }","  }","","  function  mapDestPath(file, stream) {","    var debug = rootDebug.spawn('mapDestPath');","    var sourceMap = file.sourceMap;","","    var comment,","      commentFormatter = utils.getCommentFormatter(file);","","    if (destPath === undefined || destPath === null) {","      // encode source map into comment","      var base64Map = new Buffer(JSON.stringify(sourceMap)).toString('base64');","      comment = commentFormatter('data:application/json;charset=' + options.charset + ';base64,' + base64Map);","    } else {","      var mapFile = path.join(destPath, file.relative) + '.map';","      // custom map file name","      if (options.mapFile && typeof options.mapFile === 'function') {","        mapFile = options.mapFile(mapFile);","      }","","      var sourceMapPath = path.join(file.base, mapFile);","","      // if explicit destination path is set","      if (options.destPath) {","        var destSourceMapPath = path.join(file.cwd, options.destPath, mapFile);","        var destFilePath = path.join(file.cwd, options.destPath, file.relative);","        sourceMap.file = unixStylePath(path.relative(path.dirname(destSourceMapPath), destFilePath));","        if (sourceMap.sourceRoot === undefined) {","          sourceMap.sourceRoot = unixStylePath(path.relative(path.dirname(destSourceMapPath), file.base));","        } else if (sourceMap.sourceRoot === '' || (sourceMap.sourceRoot && sourceMap.sourceRoot[0] === '.')) {","          sourceMap.sourceRoot = unixStylePath(path.join(path.relative(path.dirname(destSourceMapPath), file.base), sourceMap.sourceRoot));","        }","      } else {","        // best effort, can be incorrect if options.destPath not set","        sourceMap.file = unixStylePath(path.relative(path.dirname(sourceMapPath), file.path));","        if (sourceMap.sourceRoot === '' || (sourceMap.sourceRoot && sourceMap.sourceRoot[0] === '.')) {","          sourceMap.sourceRoot = unixStylePath(path.join(path.relative(path.dirname(sourceMapPath), file.base), sourceMap.sourceRoot));","        }","      }","","      var sourceMapFile;","      sourceMapFile = file.clone(options.clone || {deep:false, contents:false});","      sourceMapFile.path = sourceMapPath;","      sourceMapFile.contents = new Buffer(JSON.stringify(sourceMap));","      sourceMapFile.stat = {","        isFile: function () { return true; },","        isDirectory: function () { return false; },","        isBlockDevice: function () { return false; },","        isCharacterDevice: function () { return false; },","        isSymbolicLink: function () { return false; },","        isFIFO: function () { return false; },","        isSocket: function () { return false; }","      };","      stream.push(sourceMapFile);","","      var sourceMapPathRelative = path.relative(path.dirname(file.path), sourceMapPath);","","      if (options.sourceMappingURLPrefix) {","        var prefix = '';","        if (typeof options.sourceMappingURLPrefix === 'function') {","          prefix = options.sourceMappingURLPrefix(file);","        } else {","          prefix = options.sourceMappingURLPrefix;","        }","        sourceMapPathRelative = prefix + path.join('/', sourceMapPathRelative);","      }","      debug(function() { return \"destPath comment\"; });","      comment = commentFormatter(unixStylePath(sourceMapPathRelative));","","      if (options.sourceMappingURL && typeof options.sourceMappingURL === 'function') {","        debug(function() { return \"options.sourceMappingURL comment\"; });","        comment = commentFormatter(options.sourceMappingURL(file));","      }","    }","","    // append source map comment","    if (options.addComment){","      file.contents = Buffer.concat([file.contents, new Buffer(comment)]);","    }","  }","","  return {","    setSourceRoot: setSourceRoot,","    loadContent: loadContent,","    mapSources: mapSources,","    mapDestPath: mapDestPath","  };","};",""],"l":{"3":1,"5":0,"6":0,"7":0,"8":0,"9":0,"10":0,"12":0,"13":0,"15":1,"16":0,"18":0,"19":0,"20":0,"21":0,"23":0,"24":0,"26":0,"27":0,"28":0,"32":1,"33":0,"36":0,"37":0,"38":0,"40":0,"41":0,"43":0,"46":0,"47":0,"48":0,"50":0,"52":0,"54":0,"55":0,"57":0,"58":0,"59":0,"61":0,"62":0,"65":0,"69":1,"70":0,"72":0,"73":0,"74":0,"77":0,"78":0,"79":0,"80":0,"81":0,"82":0,"85":0,"90":0,"94":1,"95":0,"96":0,"98":0,"101":0,"103":0,"104":0,"106":0,"108":0,"109":0,"112":0,"115":0,"116":0,"117":0,"118":0,"119":0,"120":0,"121":0,"122":0,"126":0,"127":0,"128":0,"132":0,"133":0,"134":0,"135":0,"136":0,"137":0,"138":0,"139":0,"140":0,"141":0,"142":0,"143":0,"145":0,"147":0,"149":0,"150":0,"151":0,"152":0,"154":0,"156":0,"158":0,"159":0,"161":0,"162":0,"163":0,"168":0,"169":0,"173":0}}}